#
# There is insufficient memory for the Java Runtime Environment to continue.
# Native memory allocation (malloc) failed to allocate 164416 bytes for Chunk::new
# Possible reasons:
#   The system is out of physical RAM or swap space
#   The process is running with CompressedOops enabled, and the Java Heap may be blocking the growth of the native heap
# Possible solutions:
#   Reduce memory load on the system
#   Increase physical memory or swap space
#   Check if swap backing store is full
#   Decrease Java heap size (-Xmx/-Xms)
#   Decrease number of Java threads
#   Decrease Java thread stack sizes (-Xss)
#   Set larger code cache with -XX:ReservedCodeCacheSize=
#   JVM is running with Unscaled Compressed Oops mode in which the Java heap is
#     placed in the first 4GB address space. The Java Heap base address is the
#     maximum limit for the native heap growth. Please use -XX:HeapBaseMinAddress
#     to set the Java Heap base and to place the Java Heap above 4GB virtual address.
# This output file may be truncated or incomplete.
#
#  Out of Memory Error (arena.cpp:184), pid=16088, tid=16260
#
# JRE version: OpenJDK Runtime Environment Corretto-19.0.2.7.1 (19.0.2+7) (build 19.0.2+7-FR)
# Java VM: OpenJDK 64-Bit Server VM Corretto-19.0.2.7.1 (19.0.2+7-FR, mixed mode, sharing, tiered, compressed oops, compressed class ptrs, g1 gc, windows-amd64)
# No core dump will be written. Minidumps are not enabled by default on client versions of Windows
#

---------------  S U M M A R Y ------------

Command Line: -javaagent:C:\Program Files\JetBrains\IntelliJ IDEA Community Edition 2022.3.2\lib\idea_rt.jar=51866:C:\Program Files\JetBrains\IntelliJ IDEA Community Edition 2022.3.2\bin -Dfile.encoding=UTF-8 -Dsun.stdout.encoding=UTF-8 -Dsun.stderr.encoding=UTF-8 com.example.recettes.RecettesApplication

Host: Intel(R) Core(TM) i7-8550U CPU @ 1.80GHz, 8 cores, 7G,  Windows 10 , 64 bit Build 19041 (10.0.19041.3636)
Time: Wed Mar 27 22:16:25 2024 Afr. centrale Ouest elapsed time: 30.674372 seconds (0d 0h 0m 30s)

---------------  T H R E A D  ---------------

Current thread (0x000001e31db4ca90):  JavaThread "C2 CompilerThread0" daemon [_thread_in_native, id=16260, stack(0x00000077b1e00000,0x00000077b1f00000)]


Current CompileTask:
C2:  30674 6674       4       jdk.internal.module.SystemModuleFinders$SystemModuleReader::containsImageLocation (42 bytes)

Stack: [0x00000077b1e00000,0x00000077b1f00000]
Native frames: (J=compiled Java code, j=interpreted, Vv=VM code, C=native code)
V  [jvm.dll+0x6d034a]
V  [jvm.dll+0x880f10]
V  [jvm.dll+0x88289e]
V  [jvm.dll+0x882f43]
V  [jvm.dll+0x27b4bb]
V  [jvm.dll+0xdd792]
V  [jvm.dll+0xddb25]
V  [jvm.dll+0x2f2d72]
V  [jvm.dll+0x5d5c0f]
V  [jvm.dll+0x24f710]
V  [jvm.dll+0x248777]
V  [jvm.dll+0x246488]
V  [jvm.dll+0x1d4bb7]
V  [jvm.dll+0x25558a]
V  [jvm.dll+0x2538d7]
V  [jvm.dll+0x8342bd]
V  [jvm.dll+0x82e2fa]
V  [jvm.dll+0x6cf0d3]
C  [ucrtbase.dll+0x21bb2]
C  [KERNEL32.DLL+0x17344]
C  [ntdll.dll+0x526b1]


---------------  P R O C E S S  ---------------

Threads class SMR info:
_java_thread_list=0x000001e3246cac30, length=34, elements={
0x000001e31db330d0, 0x000001e31db33ec0, 0x000001e31db36a10, 0x000001e31db37540,
0x000001e31db3a3d0, 0x000001e31db3d7d0, 0x000001e31db4ca90, 0x000001e31db545c0,
0x000001e31db3e270, 0x000001e31db3bd40, 0x000001e31db3dd20, 0x000001e31db3ad50,
0x000001e31db3b7f0, 0x000001e31db3c7e0, 0x000001e3245b2b30, 0x000001e3245b3080,
0x000001e3245b35d0, 0x000001e3245b0b50, 0x000001e3245afb60, 0x000001e3245b00b0,
0x000001e3245b6af0, 0x000001e3245b5060, 0x000001e3245b1b40, 0x000001e3245b7040,
0x000001e3245b55b0, 0x000001e3245b10a0, 0x000001e3245b0600, 0x000001e3245b6050,
0x000001e3245b5b00, 0x000001e3245b65a0, 0x000001e3245b2090, 0x000001e3245b3b20,
0x000001e322913fe0, 0x000001e3259d4240
}

Java Threads: ( => current thread )
  0x000001e31db330d0 JavaThread "Reference Handler" daemon [_thread_blocked, id=16236, stack(0x00000077b1800000,0x00000077b1900000)]
  0x000001e31db33ec0 JavaThread "Finalizer" daemon [_thread_blocked, id=16240, stack(0x00000077b1900000,0x00000077b1a00000)]
  0x000001e31db36a10 JavaThread "Signal Dispatcher" daemon [_thread_blocked, id=16244, stack(0x00000077b1a00000,0x00000077b1b00000)]
  0x000001e31db37540 JavaThread "Attach Listener" daemon [_thread_blocked, id=16248, stack(0x00000077b1b00000,0x00000077b1c00000)]
  0x000001e31db3a3d0 JavaThread "Service Thread" daemon [_thread_blocked, id=16252, stack(0x00000077b1c00000,0x00000077b1d00000)]
  0x000001e31db3d7d0 JavaThread "Monitor Deflation Thread" daemon [_thread_blocked, id=16256, stack(0x00000077b1d00000,0x00000077b1e00000)]
=>0x000001e31db4ca90 JavaThread "C2 CompilerThread0" daemon [_thread_in_native, id=16260, stack(0x00000077b1e00000,0x00000077b1f00000)]
  0x000001e31db545c0 JavaThread "C1 CompilerThread0" daemon [_thread_blocked, id=16264, stack(0x00000077b1f00000,0x00000077b2000000)]
  0x000001e31db3e270 JavaThread "Sweeper thread" daemon [_thread_blocked, id=16268, stack(0x00000077b2000000,0x00000077b2100000)]
  0x000001e31db3bd40 JavaThread "Common-Cleaner" daemon [_thread_blocked, id=16288, stack(0x00000077b2100000,0x00000077b2200000)]
  0x000001e31db3dd20 JavaThread "Monitor Ctrl-Break" daemon [_thread_in_native, id=16296, stack(0x00000077b2300000,0x00000077b2400000)]
  0x000001e31db3ad50 JavaThread "Notification Thread" daemon [_thread_blocked, id=16300, stack(0x00000077b2400000,0x00000077b2500000)]
  0x000001e31db3b7f0 JavaThread "Catalina-utility-1" [_thread_blocked, id=12828, stack(0x00000077b3100000,0x00000077b3200000)]
  0x000001e31db3c7e0 JavaThread "Catalina-utility-2" [_thread_blocked, id=10664, stack(0x00000077b3200000,0x00000077b3300000)]
  0x000001e3245b2b30 JavaThread "container-0" [_thread_blocked, id=240, stack(0x00000077b3300000,0x00000077b3400000)]
  0x000001e3245b3080 JavaThread "mysql-cj-abandoned-connection-cleanup" daemon [_thread_blocked, id=12208, stack(0x00000077b3400000,0x00000077b3500000)]
  0x000001e3245b35d0 JavaThread "HikariPool-1 housekeeper" daemon [_thread_blocked, id=12284, stack(0x00000077b3600000,0x00000077b3700000)]
  0x000001e3245b0b50 JavaThread "File Watcher" daemon [_thread_blocked, id=14852, stack(0x00000077b2d00000,0x00000077b2e00000)]
  0x000001e3245afb60 JavaThread "Live Reload Server" daemon [_thread_in_native, id=8952, stack(0x00000077b3900000,0x00000077b3a00000)]
  0x000001e3245b00b0 JavaThread "http-nio-8080-exec-1" daemon [_thread_blocked, id=14656, stack(0x00000077b3800000,0x00000077b3900000)]
  0x000001e3245b6af0 JavaThread "http-nio-8080-exec-2" daemon [_thread_blocked, id=3156, stack(0x00000077b3a00000,0x00000077b3b00000)]
  0x000001e3245b5060 JavaThread "http-nio-8080-exec-3" daemon [_thread_blocked, id=15012, stack(0x00000077b3b00000,0x00000077b3c00000)]
  0x000001e3245b1b40 JavaThread "http-nio-8080-exec-4" daemon [_thread_blocked, id=4532, stack(0x00000077b3c00000,0x00000077b3d00000)]
  0x000001e3245b7040 JavaThread "http-nio-8080-exec-5" daemon [_thread_blocked, id=14436, stack(0x00000077b3d00000,0x00000077b3e00000)]
  0x000001e3245b55b0 JavaThread "http-nio-8080-exec-6" daemon [_thread_blocked, id=12820, stack(0x00000077b3e00000,0x00000077b3f00000)]
  0x000001e3245b10a0 JavaThread "http-nio-8080-exec-7" daemon [_thread_blocked, id=15608, stack(0x00000077b3f00000,0x00000077b4000000)]
  0x000001e3245b0600 JavaThread "http-nio-8080-exec-8" daemon [_thread_blocked, id=3352, stack(0x00000077b4000000,0x00000077b4100000)]
  0x000001e3245b6050 JavaThread "http-nio-8080-exec-9" daemon [_thread_blocked, id=15612, stack(0x00000077b4100000,0x00000077b4200000)]
  0x000001e3245b5b00 JavaThread "http-nio-8080-exec-10" daemon [_thread_blocked, id=4988, stack(0x00000077b4200000,0x00000077b4300000)]
  0x000001e3245b65a0 JavaThread "http-nio-8080-Poller" daemon [_thread_in_native, id=9160, stack(0x00000077b4300000,0x00000077b4400000)]
  0x000001e3245b2090 JavaThread "http-nio-8080-Acceptor" daemon [_thread_in_native, id=14668, stack(0x00000077b4400000,0x00000077b4500000)]
  0x000001e3245b3b20 JavaThread "DestroyJavaVM" [_thread_blocked, id=16172, stack(0x00000077b1100000,0x00000077b1200000)]
  0x000001e322913fe0 JavaThread "C2 CompilerThread1" daemon [_thread_in_native, id=14972, stack(0x00000077b2200000,0x00000077b2300000)]
  0x000001e3259d4240 JavaThread "C2 CompilerThread2" daemon [_thread_blocked, id=12816, stack(0x00000077b2600000,0x00000077b2700000)]

Other Threads:
  0x000001e31db16880 VMThread "VM Thread" [stack: 0x00000077b1700000,0x00000077b1800000] [id=16232]
  0x000001e322122760 WatcherThread "VM Periodic Task Thread" [stack: 0x00000077b2500000,0x00000077b2600000] [id=16304]
  0x000001e37f139720 WorkerThread "GC Thread#0" [stack: 0x00000077b1200000,0x00000077b1300000] [id=16212]
  0x000001e31db16b50 WorkerThread "GC Thread#1" [stack: 0x00000077b2800000,0x00000077b2900000] [id=16352]
  0x000001e31db170f0 WorkerThread "GC Thread#2" [stack: 0x00000077b2900000,0x00000077b2a00000] [id=16356]
  0x000001e31db165b0 WorkerThread "GC Thread#3" [stack: 0x00000077b2a00000,0x00000077b2b00000] [id=16360]
  0x000001e31db162e0 WorkerThread "GC Thread#4" [stack: 0x00000077b2b00000,0x00000077b2c00000] [id=16364]
  0x000001e31db15a70 WorkerThread "GC Thread#5" [stack: 0x00000077b2c00000,0x00000077b2d00000] [id=16368]
  0x000001e322e9c610 WorkerThread "GC Thread#6" [stack: 0x00000077b2f00000,0x00000077b3000000] [id=13896]
  0x000001e322e9c8e0 WorkerThread "GC Thread#7" [stack: 0x00000077b3000000,0x00000077b3100000] [id=9716]
  0x000001e37f14b4b0 ConcurrentGCThread "G1 Main Marker" [stack: 0x00000077b1300000,0x00000077b1400000] [id=16216]
  0x000001e37f14c680 WorkerThread "G1 Conc#0" [stack: 0x00000077b1400000,0x00000077b1500000] [id=16220]
  0x000001e322e9ce80 WorkerThread "G1 Conc#1" [stack: 0x00000077b2e00000,0x00000077b2f00000] [id=15584]
  0x000001e31d9d54f0 ConcurrentGCThread "G1 Refine#0" [stack: 0x00000077b1500000,0x00000077b1600000] [id=16224]
  0x000001e31d9d5f40 ConcurrentGCThread "G1 Service" [stack: 0x00000077b1600000,0x00000077b1700000] [id=16228]

Threads with active compile tasks:
C2 CompilerThread0    30957 6674       4       jdk.internal.module.SystemModuleFinders$SystemModuleReader::containsImageLocation (42 bytes)
C2 CompilerThread1    30957 6676       4       java.net.URLStreamHandler::parseURL (1124 bytes)

VM state: not at safepoint (normal execution)

VM Mutex/Monitor currently owned by a thread: None

Heap address: 0x0000000081c00000, size: 2020 MB, Compressed Oops mode: 32-bit

CDS archive(s) mapped at: [0x0000000800000000-0x0000000800c40000-0x0000000800c40000), size 12845056, SharedBaseAddress: 0x0000000800000000, ArchiveRelocationMode: 0.
Compressed class space mapped at: 0x0000000801000000-0x0000000841000000, reserved size: 1073741824
Narrow klass base: 0x0000000800000000, Narrow klass shift: 0, Narrow klass range: 0x100000000

GC Precious Log:
 CardTable entry size: 512
 Card Set container configuration: InlinePtr #cards 5 size 8 Array Of Cards #cards 12 size 40 Howl #buckets 4 coarsen threshold 1843 Howl Bitmap #cards 512 size 80 coarsen threshold 460 Card regions per heap region 1 cards per card region 2048
 CPUs: 8 total, 8 available
 Memory: 8074M
 Large Page Support: Disabled
 NUMA Support: Disabled
 Compressed Oops: Enabled (32-bit)
 Heap Region Size: 1M
 Heap Min Capacity: 8M
 Heap Initial Capacity: 128M
 Heap Max Capacity: 2020M
 Pre-touch: Disabled
 Parallel Workers: 8
 Concurrent Workers: 2
 Concurrent Refinement Workers: 8
 Periodic GC: Disabled

Heap:
 garbage-first heap   total 94208K, used 58345K [0x0000000081c00000, 0x0000000100000000)
  region size 1024K, 30 young (30720K), 4 survivors (4096K)
 Metaspace       used 69651K, committed 70464K, reserved 1114112K
  class space    used 9112K, committed 9472K, reserved 1048576K

Heap Regions: E=young(eden), S=young(survivor), O=old, HS=humongous(starts), HC=humongous(continues), CS=collection set, F=free, OA=open archive, CA=closed archive, TAMS=top-at-mark-start (previous, next)
|   0|0x0000000081c00000, 0x0000000081d00000, 0x0000000081d00000|100%|HS|  |TAMS 0x0000000081d00000, 0x0000000081c00000| Complete 
|   1|0x0000000081d00000, 0x0000000081e00000, 0x0000000081e00000|100%| O|  |TAMS 0x0000000081e00000, 0x0000000081d00000| Untracked 
|   2|0x0000000081e00000, 0x0000000081f00000, 0x0000000081f00000|100%| O|  |TAMS 0x0000000081f00000, 0x0000000081e00000| Untracked 
|   3|0x0000000081f00000, 0x0000000082000000, 0x0000000082000000|100%| O|  |TAMS 0x0000000082000000, 0x0000000081f00000| Untracked 
|   4|0x0000000082000000, 0x0000000082100000, 0x0000000082100000|100%| O|  |TAMS 0x0000000082100000, 0x0000000082000000| Untracked 
|   5|0x0000000082100000, 0x0000000082200000, 0x0000000082200000|100%| O|  |TAMS 0x0000000082200000, 0x0000000082100000| Untracked 
|   6|0x0000000082200000, 0x0000000082300000, 0x0000000082300000|100%| O|  |TAMS 0x0000000082300000, 0x0000000082200000| Untracked 
|   7|0x0000000082300000, 0x0000000082400000, 0x0000000082400000|100%| O|  |TAMS 0x0000000082400000, 0x0000000082300000| Untracked 
|   8|0x0000000082400000, 0x0000000082500000, 0x0000000082500000|100%| O|  |TAMS 0x0000000082500000, 0x0000000082400000| Untracked 
|   9|0x0000000082500000, 0x0000000082600000, 0x0000000082600000|100%| O|  |TAMS 0x0000000082600000, 0x0000000082500000| Untracked 
|  10|0x0000000082600000, 0x0000000082700000, 0x0000000082700000|100%| O|  |TAMS 0x0000000082700000, 0x0000000082600000| Untracked 
|  11|0x0000000082700000, 0x0000000082800000, 0x0000000082800000|100%| O|  |TAMS 0x0000000082800000, 0x0000000082700000| Untracked 
|  12|0x0000000082800000, 0x0000000082900000, 0x0000000082900000|100%| O|  |TAMS 0x0000000082900000, 0x0000000082800000| Untracked 
|  13|0x0000000082900000, 0x0000000082a00000, 0x0000000082a00000|100%| O|  |TAMS 0x0000000082a00000, 0x0000000082900000| Untracked 
|  14|0x0000000082a00000, 0x0000000082b00000, 0x0000000082b00000|100%| O|  |TAMS 0x0000000082b00000, 0x0000000082a00000| Untracked 
|  15|0x0000000082b00000, 0x0000000082c00000, 0x0000000082c00000|100%| O|  |TAMS 0x0000000082b00000, 0x0000000082b00000| Untracked 
|  16|0x0000000082c00000, 0x0000000082c00000, 0x0000000082d00000|  0%| F|  |TAMS 0x0000000082c00000, 0x0000000082c00000| Untracked 
|  17|0x0000000082d00000, 0x0000000082e00000, 0x0000000082e00000|100%| O|  |TAMS 0x0000000082e00000, 0x0000000082d00000| Untracked 
|  18|0x0000000082e00000, 0x0000000082f00000, 0x0000000082f00000|100%| O|  |TAMS 0x0000000082f00000, 0x0000000082e00000| Untracked 
|  19|0x0000000082f00000, 0x0000000083000000, 0x0000000083000000|100%| O|  |TAMS 0x0000000083000000, 0x0000000082f00000| Untracked 
|  20|0x0000000083000000, 0x0000000083100000, 0x0000000083100000|100%| O|  |TAMS 0x0000000083100000, 0x0000000083000000| Untracked 
|  21|0x0000000083100000, 0x0000000083200000, 0x0000000083200000|100%| O|  |TAMS 0x0000000083200000, 0x0000000083100000| Untracked 
|  22|0x0000000083200000, 0x0000000083300000, 0x0000000083300000|100%| O|  |TAMS 0x0000000083294200, 0x0000000083200000| Untracked 
|  23|0x0000000083300000, 0x0000000083400000, 0x0000000083400000|100%| O|  |TAMS 0x0000000083300000, 0x0000000083300000| Untracked 
|  24|0x0000000083400000, 0x0000000083500000, 0x0000000083500000|100%| O|  |TAMS 0x0000000083400000, 0x0000000083400000| Untracked 
|  25|0x0000000083500000, 0x0000000083600000, 0x0000000083600000|100%| O|  |TAMS 0x0000000083500000, 0x0000000083500000| Untracked 
|  26|0x0000000083600000, 0x0000000083700000, 0x0000000083700000|100%| O|  |TAMS 0x0000000083600000, 0x0000000083600000| Untracked 
|  27|0x0000000083700000, 0x0000000083800000, 0x0000000083800000|100%| O|  |TAMS 0x0000000083700000, 0x0000000083700000| Untracked 
|  28|0x0000000083800000, 0x0000000083900000, 0x0000000083900000|100%| O|  |TAMS 0x0000000083800000, 0x0000000083800000| Untracked 
|  29|0x0000000083900000, 0x0000000083964200, 0x0000000083a00000| 39%| O|  |TAMS 0x0000000083900000, 0x0000000083900000| Untracked 
|  30|0x0000000083a00000, 0x0000000083a00000, 0x0000000083b00000|  0%| F|  |TAMS 0x0000000083a00000, 0x0000000083a00000| Untracked 
|  31|0x0000000083b00000, 0x0000000083b00000, 0x0000000083c00000|  0%| F|  |TAMS 0x0000000083b00000, 0x0000000083b00000| Untracked 
|  32|0x0000000083c00000, 0x0000000083c00000, 0x0000000083d00000|  0%| F|  |TAMS 0x0000000083c00000, 0x0000000083c00000| Untracked 
|  33|0x0000000083d00000, 0x0000000083d00000, 0x0000000083e00000|  0%| F|  |TAMS 0x0000000083d00000, 0x0000000083d00000| Untracked 
|  34|0x0000000083e00000, 0x0000000083e00000, 0x0000000083f00000|  0%| F|  |TAMS 0x0000000083e00000, 0x0000000083e00000| Untracked 
|  35|0x0000000083f00000, 0x0000000083f00000, 0x0000000084000000|  0%| F|  |TAMS 0x0000000083f00000, 0x0000000083f00000| Untracked 
|  36|0x0000000084000000, 0x0000000084000000, 0x0000000084100000|  0%| F|  |TAMS 0x0000000084000000, 0x0000000084000000| Untracked 
|  37|0x0000000084100000, 0x0000000084100000, 0x0000000084200000|  0%| F|  |TAMS 0x0000000084100000, 0x0000000084100000| Untracked 
|  38|0x0000000084200000, 0x0000000084200000, 0x0000000084300000|  0%| F|  |TAMS 0x0000000084200000, 0x0000000084200000| Untracked 
|  39|0x0000000084300000, 0x0000000084300000, 0x0000000084400000|  0%| F|  |TAMS 0x0000000084300000, 0x0000000084300000| Untracked 
|  40|0x0000000084400000, 0x0000000084400000, 0x0000000084500000|  0%| F|  |TAMS 0x0000000084400000, 0x0000000084400000| Untracked 
|  41|0x0000000084500000, 0x0000000084500000, 0x0000000084600000|  0%| F|  |TAMS 0x0000000084500000, 0x0000000084500000| Untracked 
|  42|0x0000000084600000, 0x0000000084600000, 0x0000000084700000|  0%| F|  |TAMS 0x0000000084600000, 0x0000000084600000| Untracked 
|  43|0x0000000084700000, 0x0000000084700000, 0x0000000084800000|  0%| F|  |TAMS 0x0000000084700000, 0x0000000084700000| Untracked 
|  44|0x0000000084800000, 0x00000000848964b0, 0x0000000084900000| 58%| S|CS|TAMS 0x0000000084800000, 0x0000000084800000| Complete 
|  45|0x0000000084900000, 0x0000000084a00000, 0x0000000084a00000|100%| S|CS|TAMS 0x0000000084900000, 0x0000000084900000| Complete 
|  46|0x0000000084a00000, 0x0000000084b00000, 0x0000000084b00000|100%| S|CS|TAMS 0x0000000084a00000, 0x0000000084a00000| Complete 
|  47|0x0000000084b00000, 0x0000000084c00000, 0x0000000084c00000|100%| S|CS|TAMS 0x0000000084b00000, 0x0000000084b00000| Complete 
|  48|0x0000000084c00000, 0x0000000084c00000, 0x0000000084d00000|  0%| F|  |TAMS 0x0000000084c00000, 0x0000000084c00000| Untracked 
|  49|0x0000000084d00000, 0x0000000084d00000, 0x0000000084e00000|  0%| F|  |TAMS 0x0000000084d00000, 0x0000000084d00000| Untracked 
|  50|0x0000000084e00000, 0x0000000084e00000, 0x0000000084f00000|  0%| F|  |TAMS 0x0000000084e00000, 0x0000000084e00000| Untracked 
|  51|0x0000000084f00000, 0x0000000084f00000, 0x0000000085000000|  0%| F|  |TAMS 0x0000000084f00000, 0x0000000084f00000| Untracked 
|  52|0x0000000085000000, 0x0000000085000000, 0x0000000085100000|  0%| F|  |TAMS 0x0000000085000000, 0x0000000085000000| Untracked 
|  53|0x0000000085100000, 0x0000000085100000, 0x0000000085200000|  0%| F|  |TAMS 0x0000000085100000, 0x0000000085100000| Untracked 
|  54|0x0000000085200000, 0x0000000085200000, 0x0000000085300000|  0%| F|  |TAMS 0x0000000085200000, 0x0000000085200000| Untracked 
|  55|0x0000000085300000, 0x0000000085300000, 0x0000000085400000|  0%| F|  |TAMS 0x0000000085300000, 0x0000000085300000| Untracked 
|  56|0x0000000085400000, 0x0000000085400000, 0x0000000085500000|  0%| F|  |TAMS 0x0000000085400000, 0x0000000085400000| Untracked 
|  57|0x0000000085500000, 0x0000000085500000, 0x0000000085600000|  0%| F|  |TAMS 0x0000000085500000, 0x0000000085500000| Untracked 
|  58|0x0000000085600000, 0x0000000085600000, 0x0000000085700000|  0%| F|  |TAMS 0x0000000085600000, 0x0000000085600000| Untracked 
|  59|0x0000000085700000, 0x0000000085700000, 0x0000000085800000|  0%| F|  |TAMS 0x0000000085700000, 0x0000000085700000| Untracked 
|  60|0x0000000085800000, 0x0000000085800000, 0x0000000085900000|  0%| F|  |TAMS 0x0000000085800000, 0x0000000085800000| Untracked 
|  61|0x0000000085900000, 0x0000000085900000, 0x0000000085a00000|  0%| F|  |TAMS 0x0000000085900000, 0x0000000085900000| Untracked 
|  62|0x0000000085a00000, 0x0000000085a00000, 0x0000000085b00000|  0%| F|  |TAMS 0x0000000085a00000, 0x0000000085a00000| Untracked 
|  63|0x0000000085b00000, 0x0000000085b00000, 0x0000000085c00000|  0%| F|  |TAMS 0x0000000085b00000, 0x0000000085b00000| Untracked 
|  64|0x0000000085c00000, 0x0000000085c00000, 0x0000000085d00000|  0%| F|  |TAMS 0x0000000085c00000, 0x0000000085c00000| Untracked 
|  65|0x0000000085d00000, 0x0000000085d00000, 0x0000000085e00000|  0%| F|  |TAMS 0x0000000085d00000, 0x0000000085d00000| Untracked 
|  66|0x0000000085e00000, 0x0000000085e8afa0, 0x0000000085f00000| 54%| E|  |TAMS 0x0000000085e00000, 0x0000000085e00000| Complete 
|  67|0x0000000085f00000, 0x0000000086000000, 0x0000000086000000|100%| E|CS|TAMS 0x0000000085f00000, 0x0000000085f00000| Complete 
|  68|0x0000000086000000, 0x0000000086100000, 0x0000000086100000|100%| E|CS|TAMS 0x0000000086000000, 0x0000000086000000| Complete 
|  69|0x0000000086100000, 0x0000000086200000, 0x0000000086200000|100%| E|CS|TAMS 0x0000000086100000, 0x0000000086100000| Complete 
|  70|0x0000000086200000, 0x0000000086300000, 0x0000000086300000|100%| E|CS|TAMS 0x0000000086200000, 0x0000000086200000| Complete 
|  71|0x0000000086300000, 0x0000000086400000, 0x0000000086400000|100%| E|CS|TAMS 0x0000000086300000, 0x0000000086300000| Complete 
|  72|0x0000000086400000, 0x0000000086500000, 0x0000000086500000|100%| E|CS|TAMS 0x0000000086400000, 0x0000000086400000| Complete 
|  73|0x0000000086500000, 0x0000000086600000, 0x0000000086600000|100%| E|CS|TAMS 0x0000000086500000, 0x0000000086500000| Complete 
|  74|0x0000000086600000, 0x0000000086700000, 0x0000000086700000|100%| E|CS|TAMS 0x0000000086600000, 0x0000000086600000| Complete 
|  75|0x0000000086700000, 0x0000000086800000, 0x0000000086800000|100%| E|CS|TAMS 0x0000000086700000, 0x0000000086700000| Complete 
|  76|0x0000000086800000, 0x0000000086900000, 0x0000000086900000|100%| E|CS|TAMS 0x0000000086800000, 0x0000000086800000| Complete 
|  77|0x0000000086900000, 0x0000000086a00000, 0x0000000086a00000|100%| E|CS|TAMS 0x0000000086900000, 0x0000000086900000| Complete 
|  78|0x0000000086a00000, 0x0000000086b00000, 0x0000000086b00000|100%| E|CS|TAMS 0x0000000086a00000, 0x0000000086a00000| Complete 
|  79|0x0000000086b00000, 0x0000000086c00000, 0x0000000086c00000|100%| E|CS|TAMS 0x0000000086b00000, 0x0000000086b00000| Complete 
|  80|0x0000000086c00000, 0x0000000086d00000, 0x0000000086d00000|100%| E|CS|TAMS 0x0000000086c00000, 0x0000000086c00000| Complete 
|  81|0x0000000086d00000, 0x0000000086e00000, 0x0000000086e00000|100%| E|CS|TAMS 0x0000000086d00000, 0x0000000086d00000| Complete 
|  82|0x0000000086e00000, 0x0000000086f00000, 0x0000000086f00000|100%| E|CS|TAMS 0x0000000086e00000, 0x0000000086e00000| Complete 
|  83|0x0000000086f00000, 0x0000000087000000, 0x0000000087000000|100%| E|CS|TAMS 0x0000000086f00000, 0x0000000086f00000| Complete 
|  84|0x0000000087000000, 0x0000000087100000, 0x0000000087100000|100%| E|CS|TAMS 0x0000000087000000, 0x0000000087000000| Complete 
|  85|0x0000000087100000, 0x0000000087200000, 0x0000000087200000|100%| E|CS|TAMS 0x0000000087100000, 0x0000000087100000| Complete 
|  86|0x0000000087200000, 0x0000000087300000, 0x0000000087300000|100%| E|CS|TAMS 0x0000000087200000, 0x0000000087200000| Complete 
|  87|0x0000000087300000, 0x0000000087400000, 0x0000000087400000|100%| E|CS|TAMS 0x0000000087300000, 0x0000000087300000| Complete 
|  88|0x0000000087400000, 0x0000000087500000, 0x0000000087500000|100%| E|CS|TAMS 0x0000000087400000, 0x0000000087400000| Complete 
|  89|0x0000000087500000, 0x0000000087600000, 0x0000000087600000|100%| E|CS|TAMS 0x0000000087500000, 0x0000000087500000| Complete 
|  90|0x0000000087600000, 0x0000000087700000, 0x0000000087700000|100%| E|CS|TAMS 0x0000000087600000, 0x0000000087600000| Complete 
| 127|0x0000000089b00000, 0x0000000089c00000, 0x0000000089c00000|100%| E|CS|TAMS 0x0000000089b00000, 0x0000000089b00000| Complete 

Card table byte_map: [0x000001e37f8d0000,0x000001e37fcd0000] _byte_map_base: 0x000001e37f4c2000

Marking Bits (Prev, Next): (CMBitMap*) 0x000001e37f13ada0, (CMBitMap*) 0x000001e37f13ad60
 Prev Bits: [0x000001e3194b0000, 0x000001e31b440000)
 Next Bits: [0x000001e317520000, 0x000001e3194b0000)

Polling page: 0x000001e37e8a0000

Metaspace:

Usage:
  Non-class:     59.12 MB used.
      Class:      8.90 MB used.
       Both:     68.02 MB used.

Virtual space:
  Non-class space:       64.00 MB reserved,      59.56 MB ( 93%) committed,  1 nodes.
      Class space:        1.00 GB reserved,       9.25 MB ( <1%) committed,  1 nodes.
             Both:        1.06 GB reserved,      68.81 MB (  6%) committed. 

Chunk freelists:
   Non-Class:  3.78 MB
       Class:  2.58 MB
        Both:  6.36 MB

MaxMetaspaceSize: unlimited
CompressedClassSpaceSize: 1.00 GB
Initial GC threshold: 21.00 MB
Current GC threshold: 99.00 MB
CDS: on
MetaspaceReclaimPolicy: balanced
 - commit_granule_bytes: 65536.
 - commit_granule_words: 8192.
 - virtual_space_node_default_size: 8388608.
 - enlarge_chunks_in_place: 1.
 - new_chunks_are_fully_committed: 0.
 - uncommit_free_chunks: 1.
 - use_allocation_guard: 0.


Internal statistics:

num_allocs_failed_limit: 9.
num_arena_births: 1088.
num_arena_deaths: 0.
num_vsnodes_births: 2.
num_vsnodes_deaths: 0.
num_space_committed: 1101.
num_space_uncommitted: 0.
num_chunks_returned_to_freelist: 9.
num_chunks_taken_from_freelist: 3526.
num_chunk_merges: 9.
num_chunk_splits: 2595.
num_chunks_enlarged: 2096.
num_inconsistent_stats: 0.

CodeHeap 'non-profiled nmethods': size=120000Kb used=4085Kb max_used=4085Kb free=115914Kb
 bounds [0x000001e30fbf0000, 0x000001e30fff0000, 0x000001e317120000]
CodeHeap 'profiled nmethods': size=120000Kb used=11909Kb max_used=11909Kb free=108090Kb
 bounds [0x000001e308120000, 0x000001e308cd0000, 0x000001e30f650000]
CodeHeap 'non-nmethods': size=5760Kb used=1454Kb max_used=1602Kb free=4305Kb
 bounds [0x000001e30f650000, 0x000001e30f8c0000, 0x000001e30fbf0000]
 total_blobs=6679 nmethods=5962 adapters=627
 compilation: enabled
              stopped_count=0, restarted_count=0
 full_count=0

Compilation events (20 events):
Event: 18.033 Thread 0x000001e31db545c0 nmethod 6663 0x000001e308cada10 code [0x000001e308cadbc0, 0x000001e308cade48]
Event: 21.121 Thread 0x000001e31db545c0 6664       3       java.io.File::length (33 bytes)
Event: 21.122 Thread 0x000001e31db545c0 nmethod 6664 0x000001e308cadf90 code [0x000001e308cae160, 0x000001e308cae458]
Event: 21.122 Thread 0x000001e31db545c0 6665   !   3       java.io.WinNTFileSystem::getLength (27 bytes)
Event: 21.122 Thread 0x000001e31db545c0 nmethod 6665 0x000001e308cae590 code [0x000001e308cae760, 0x000001e308cae978]
Event: 21.523 Thread 0x000001e31db4ca90 6666       4       java.lang.Long::hashCode (8 bytes)
Event: 21.523 Thread 0x000001e31db4ca90 nmethod 6666 0x000001e30ffdbf10 code [0x000001e30ffdc080, 0x000001e30ffdc0f8]
Event: 22.132 Thread 0x000001e31db545c0 6667       3       org.springframework.boot.devtools.filewatch.FileSnapshot::<init> (64 bytes)
Event: 22.134 Thread 0x000001e31db545c0 nmethod 6667 0x000001e308caeb10 code [0x000001e308caee60, 0x000001e308cb01d8]
Event: 22.134 Thread 0x000001e31db545c0 6668       3       java.io.File::lastModified (33 bytes)
Event: 22.135 Thread 0x000001e31db545c0 nmethod 6668 0x000001e308cb0790 code [0x000001e308cb0960, 0x000001e308cb0c38]
Event: 22.135 Thread 0x000001e31db545c0 6669   !   3       java.io.WinNTFileSystem::getLastModifiedTime (27 bytes)
Event: 22.135 Thread 0x000001e31db545c0 nmethod 6669 0x000001e308cb0d90 code [0x000001e308cb0f60, 0x000001e308cb1178]
Event: 25.420 Thread 0x000001e31db545c0 6670       3       jdk.internal.misc.Unsafe::putReferenceOpaque (9 bytes)
Event: 25.420 Thread 0x000001e31db545c0 nmethod 6670 0x000001e308cb1310 code [0x000001e308cb14a0, 0x000001e308cb15f8]
Event: 27.407 Thread 0x000001e31db4ca90 6671       4       java.util.concurrent.locks.AbstractQueuedSynchronizer::release (19 bytes)
Event: 27.413 Thread 0x000001e31db4ca90 nmethod 6671 0x000001e30ffdc210 code [0x000001e30ffdc3c0, 0x000001e30ffdc5b8]
Event: 30.638 Thread 0x000001e31db4ca90 6674       4       jdk.internal.module.SystemModuleFinders$SystemModuleReader::containsImageLocation (42 bytes)
Event: 30.658 Thread 0x000001e31db545c0 6678       3       java.util.ResourceBundle$KeyElementReference::<init> (12 bytes)
Event: 30.658 Thread 0x000001e31db545c0 nmethod 6678 0x000001e308cb1690 code [0x000001e308cb1860, 0x000001e308cb1bf8]

GC Heap History (20 events):
Event: 4.819 GC heap before
{Heap before GC invocations=8 (full 0):
 garbage-first heap   total 51200K, used 37695K [0x0000000081c00000, 0x0000000100000000)
  region size 1024K, 20 young (20480K), 2 survivors (2048K)
 Metaspace       used 33502K, committed 34048K, reserved 1114112K
  class space    used 4100K, committed 4352K, reserved 1048576K
}
Event: 4.823 GC heap after
{Heap after GC invocations=9 (full 0):
 garbage-first heap   total 51200K, used 20408K [0x0000000081c00000, 0x0000000100000000)
  region size 1024K, 3 young (3072K), 3 survivors (3072K)
 Metaspace       used 33502K, committed 34048K, reserved 1114112K
  class space    used 4100K, committed 4352K, reserved 1048576K
}
Event: 5.148 GC heap before
{Heap before GC invocations=9 (full 0):
 garbage-first heap   total 51200K, used 31672K [0x0000000081c00000, 0x0000000100000000)
  region size 1024K, 15 young (15360K), 3 survivors (3072K)
 Metaspace       used 35476K, committed 35968K, reserved 1114112K
  class space    used 4357K, committed 4608K, reserved 1048576K
}
Event: 5.152 GC heap after
{Heap after GC invocations=10 (full 0):
 garbage-first heap   total 51200K, used 21018K [0x0000000081c00000, 0x0000000100000000)
  region size 1024K, 2 young (2048K), 2 survivors (2048K)
 Metaspace       used 35476K, committed 35968K, reserved 1114112K
  class space    used 4357K, committed 4608K, reserved 1048576K
}
Event: 5.841 GC heap before
{Heap before GC invocations=11 (full 0):
 garbage-first heap   total 51200K, used 40474K [0x0000000081c00000, 0x0000000100000000)
  region size 1024K, 21 young (21504K), 2 survivors (2048K)
 Metaspace       used 41145K, committed 41728K, reserved 1114112K
  class space    used 5165K, committed 5440K, reserved 1048576K
}
Event: 5.845 GC heap after
{Heap after GC invocations=12 (full 0):
 garbage-first heap   total 51200K, used 22566K [0x0000000081c00000, 0x0000000100000000)
  region size 1024K, 3 young (3072K), 3 survivors (3072K)
 Metaspace       used 41145K, committed 41728K, reserved 1114112K
  class space    used 5165K, committed 5440K, reserved 1048576K
}
Event: 5.892 GC heap before
{Heap before GC invocations=12 (full 0):
 garbage-first heap   total 51200K, used 23590K [0x0000000081c00000, 0x0000000100000000)
  region size 1024K, 4 young (4096K), 3 survivors (3072K)
 Metaspace       used 41564K, committed 42048K, reserved 1114112K
  class space    used 5211K, committed 5440K, reserved 1048576K
}
Event: 5.895 GC heap after
{Heap after GC invocations=13 (full 0):
 garbage-first heap   total 51200K, used 22392K [0x0000000081c00000, 0x0000000100000000)
  region size 1024K, 1 young (1024K), 1 survivors (1024K)
 Metaspace       used 41564K, committed 42048K, reserved 1114112K
  class space    used 5211K, committed 5440K, reserved 1048576K
}
Event: 6.415 GC heap before
{Heap before GC invocations=13 (full 0):
 garbage-first heap   total 51200K, used 38776K [0x0000000081c00000, 0x0000000100000000)
  region size 1024K, 18 young (18432K), 1 survivors (1024K)
 Metaspace       used 46494K, committed 47104K, reserved 1114112K
  class space    used 5852K, committed 6144K, reserved 1048576K
}
Event: 6.417 GC heap after
{Heap after GC invocations=14 (full 0):
 garbage-first heap   total 94208K, used 24048K [0x0000000081c00000, 0x0000000100000000)
  region size 1024K, 2 young (2048K), 2 survivors (2048K)
 Metaspace       used 46494K, committed 47104K, reserved 1114112K
  class space    used 5852K, committed 6144K, reserved 1048576K
}
Event: 7.604 GC heap before
{Heap before GC invocations=14 (full 0):
 garbage-first heap   total 94208K, used 72176K [0x0000000081c00000, 0x0000000100000000)
  region size 1024K, 50 young (51200K), 2 survivors (2048K)
 Metaspace       used 59036K, committed 59648K, reserved 1114112K
  class space    used 7662K, committed 7936K, reserved 1048576K
}
Event: 7.609 GC heap after
{Heap after GC invocations=15 (full 0):
 garbage-first heap   total 94208K, used 26745K [0x0000000081c00000, 0x0000000100000000)
  region size 1024K, 5 young (5120K), 5 survivors (5120K)
 Metaspace       used 59036K, committed 59648K, reserved 1114112K
  class space    used 7662K, committed 7936K, reserved 1048576K
}
Event: 7.684 GC heap before
{Heap before GC invocations=15 (full 0):
 garbage-first heap   total 94208K, used 29817K [0x0000000081c00000, 0x0000000100000000)
  region size 1024K, 9 young (9216K), 5 survivors (5120K)
 Metaspace       used 59874K, committed 60480K, reserved 1114112K
  class space    used 7732K, committed 8000K, reserved 1048576K
}
Event: 7.689 GC heap after
{Heap after GC invocations=16 (full 0):
 garbage-first heap   total 94208K, used 27040K [0x0000000081c00000, 0x0000000100000000)
  region size 1024K, 3 young (3072K), 3 survivors (3072K)
 Metaspace       used 59874K, committed 60480K, reserved 1114112K
  class space    used 7732K, committed 8000K, reserved 1048576K
}
Event: 8.410 GC heap before
{Heap before GC invocations=17 (full 0):
 garbage-first heap   total 94208K, used 73120K [0x0000000081c00000, 0x0000000100000000)
  region size 1024K, 48 young (49152K), 3 survivors (3072K)
 Metaspace       used 62869K, committed 63488K, reserved 1114112K
  class space    used 8230K, committed 8512K, reserved 1048576K
}
Event: 8.415 GC heap after
{Heap after GC invocations=18 (full 0):
 garbage-first heap   total 94208K, used 29669K [0x0000000081c00000, 0x0000000100000000)
  region size 1024K, 6 young (6144K), 6 survivors (6144K)
 Metaspace       used 62869K, committed 63488K, reserved 1114112K
  class space    used 8230K, committed 8512K, reserved 1048576K
}
Event: 8.432 GC heap before
{Heap before GC invocations=18 (full 0):
 garbage-first heap   total 94208K, used 30693K [0x0000000081c00000, 0x0000000100000000)
  region size 1024K, 7 young (7168K), 6 survivors (6144K)
 Metaspace       used 62894K, committed 63488K, reserved 1114112K
  class space    used 8233K, committed 8512K, reserved 1048576K
}
Event: 8.439 GC heap after
{Heap after GC invocations=19 (full 0):
 garbage-first heap   total 94208K, used 30035K [0x0000000081c00000, 0x0000000100000000)
  region size 1024K, 1 young (1024K), 1 survivors (1024K)
 Metaspace       used 62894K, committed 63488K, reserved 1114112K
  class space    used 8233K, committed 8512K, reserved 1048576K
}
Event: 9.195 GC heap before
{Heap before GC invocations=19 (full 0):
 garbage-first heap   total 94208K, used 73043K [0x0000000081c00000, 0x0000000100000000)
  region size 1024K, 44 young (45056K), 1 survivors (1024K)
 Metaspace       used 65466K, committed 66176K, reserved 1114112K
  class space    used 8600K, committed 8960K, reserved 1048576K
}
Event: 9.200 GC heap after
{Heap after GC invocations=20 (full 0):
 garbage-first heap   total 94208K, used 32745K [0x0000000081c00000, 0x0000000100000000)
  region size 1024K, 4 young (4096K), 4 survivors (4096K)
 Metaspace       used 65466K, committed 66176K, reserved 1114112K
  class space    used 8600K, committed 8960K, reserved 1048576K
}

Dll operation events (14 events):
Event: 0.013 Loaded shared library C:\Users\user\.jdks\corretto-19.0.2\bin\java.dll
Event: 0.027 Loaded shared library C:\Users\user\.jdks\corretto-19.0.2\bin\jsvml.dll
Event: 0.156 Loaded shared library C:\Users\user\.jdks\corretto-19.0.2\bin\zip.dll
Event: 0.160 Loaded shared library C:\Users\user\.jdks\corretto-19.0.2\bin\instrument.dll
Event: 0.168 Loaded shared library C:\Users\user\.jdks\corretto-19.0.2\bin\net.dll
Event: 0.170 Loaded shared library C:\Users\user\.jdks\corretto-19.0.2\bin\nio.dll
Event: 0.173 Loaded shared library C:\Users\user\.jdks\corretto-19.0.2\bin\zip.dll
Event: 0.364 Loaded shared library C:\Program Files\JetBrains\IntelliJ IDEA Community Edition 2022.3.2\bin\breakgen64.dll
Event: 0.375 Loaded shared library C:\Users\user\.jdks\corretto-19.0.2\bin\extnet.dll
Event: 0.425 Loaded shared library C:\Users\user\.jdks\corretto-19.0.2\bin\jimage.dll
Event: 0.793 Loaded shared library C:\Users\user\.jdks\corretto-19.0.2\bin\management.dll
Event: 0.795 Loaded shared library C:\Users\user\.jdks\corretto-19.0.2\bin\management_ext.dll
Event: 1.775 Loaded shared library C:\Users\user\.jdks\corretto-19.0.2\bin\sunmscapi.dll
Event: 5.441 Loaded shared library C:\Users\user\.jdks\corretto-19.0.2\bin\verify.dll

Deoptimization events (20 events):
Event: 9.373 Thread 0x000001e31db3cd30 DEOPT PACKING pc=0x000001e30fe96ab4 sp=0x00000077b27fe860
Event: 9.373 Thread 0x000001e31db3cd30 DEOPT UNPACKING pc=0x000001e30f6b6da3 sp=0x00000077b27fe740 mode 2
Event: 9.396 Thread 0x000001e31db3cd30 Uncommon trap: trap_request=0xffffff45 fr.pc=0x000001e30fc56224 relative=0x0000000000000944
Event: 9.396 Thread 0x000001e31db3cd30 Uncommon trap: reason=unstable_if action=reinterpret pc=0x000001e30fc56224 method=java.lang.Integer.stringSize(I)I @ 19 c2
Event: 9.396 Thread 0x000001e31db3cd30 DEOPT PACKING pc=0x000001e30fc56224 sp=0x00000077b27fdd20
Event: 9.396 Thread 0x000001e31db3cd30 DEOPT UNPACKING pc=0x000001e30f6b6da3 sp=0x00000077b27fdc68 mode 2
Event: 9.409 Thread 0x000001e31db3cd30 Uncommon trap: trap_request=0xffffff45 fr.pc=0x000001e30fcc80a0 relative=0x0000000000000100
Event: 9.409 Thread 0x000001e31db3cd30 Uncommon trap: reason=unstable_if action=reinterpret pc=0x000001e30fcc80a0 method=java.util.ArrayList.indexOfRange(Ljava/lang/Object;II)I @ 7 c2
Event: 9.409 Thread 0x000001e31db3cd30 DEOPT PACKING pc=0x000001e30fcc80a0 sp=0x00000077b27fe4d0
Event: 9.409 Thread 0x000001e31db3cd30 DEOPT UNPACKING pc=0x000001e30f6b6da3 sp=0x00000077b27fe450 mode 2
Event: 9.411 Thread 0x000001e31db3cd30 DEOPT PACKING pc=0x000001e3081f4623 sp=0x00000077b27fcf40
Event: 9.411 Thread 0x000001e31db3cd30 DEOPT UNPACKING pc=0x000001e30f6b7543 sp=0x00000077b27fc3b0 mode 0
Event: 9.429 Thread 0x000001e31db3cd30 DEOPT PACKING pc=0x000001e308c66cc6 sp=0x00000077b27fe580
Event: 9.429 Thread 0x000001e31db3cd30 DEOPT UNPACKING pc=0x000001e30f6b7543 sp=0x00000077b27fda58 mode 0
Event: 9.431 Thread 0x000001e31db3cd30 DEOPT PACKING pc=0x000001e308c66cc6 sp=0x00000077b27fe560
Event: 9.431 Thread 0x000001e31db3cd30 DEOPT UNPACKING pc=0x000001e30f6b7543 sp=0x00000077b27fda28 mode 0
Event: 9.495 Thread 0x000001e31db3cd30 Uncommon trap: trap_request=0xfffffff4 fr.pc=0x000001e30fe91454 relative=0x0000000000000514
Event: 9.495 Thread 0x000001e31db3cd30 Uncommon trap: reason=null_check action=make_not_entrant pc=0x000001e30fe91454 method=java.util.AbstractCollection.toArray([Ljava/lang/Object;)[Ljava/lang/Object; @ 116 c2
Event: 9.495 Thread 0x000001e31db3cd30 DEOPT PACKING pc=0x000001e30fe91454 sp=0x00000077b27fd9d0
Event: 9.495 Thread 0x000001e31db3cd30 DEOPT UNPACKING pc=0x000001e30f6b6da3 sp=0x00000077b27fd990 mode 2

Classes loaded (20 events):
Event: 30.581 Loading class java/nio/channels/WritePendingException
Event: 30.581 Loading class java/nio/channels/WritePendingException done
Event: 30.593 Loading class java/util/concurrent/Semaphore
Event: 30.597 Loading class java/util/concurrent/Semaphore done
Event: 30.597 Loading class java/util/concurrent/Semaphore$NonfairSync
Event: 30.597 Loading class java/util/concurrent/Semaphore$Sync
Event: 30.597 Loading class java/util/concurrent/Semaphore$Sync done
Event: 30.597 Loading class java/util/concurrent/Semaphore$NonfairSync done
Event: 30.597 Loading class sun/nio/ch/SocketAdaptor
Event: 30.598 Loading class sun/nio/ch/SocketAdaptor done
Event: 30.598 Loading class sun/nio/ch/SocketChannelImpl$DefaultOptionsHolder
Event: 30.598 Loading class sun/nio/ch/SocketChannelImpl$DefaultOptionsHolder done
Event: 30.600 Loading class sun/nio/ch/SelectionKeyImpl
Event: 30.600 Loading class java/nio/channels/spi/AbstractSelectionKey
Event: 30.600 Loading class java/nio/channels/SelectionKey
Event: 30.600 Loading class java/nio/channels/SelectionKey done
Event: 30.600 Loading class java/nio/channels/spi/AbstractSelectionKey done
Event: 30.600 Loading class sun/nio/ch/SelectionKeyImpl done
Event: 30.600 Loading class java/lang/invoke/ConstantBootstraps
Event: 30.600 Loading class java/lang/invoke/ConstantBootstraps done

Classes unloaded (0 events):
No events

Classes redefined (0 events):
No events

Internal exceptions (20 events):
Event: 8.576 Thread 0x000001e31db3cd30 Exception <a 'java/lang/IncompatibleClassChangeError'{0x0000000086df0ae8}: Found class java.lang.Object, but interface was expected> (0x0000000086df0ae8) 
thrown [s\src\hotspot\share\interpreter\linkResolver.cpp, line 841]
Event: 8.644 Thread 0x000001e31db3cd30 Exception <a 'java/lang/NoSuchMethodError'{0x0000000086af9878}: 'void java.lang.invoke.DirectMethodHandle$Holder.invokeVirtual(java.lang.Object, java.lang.Object, long)'> (0x0000000086af9878) 
thrown [s\src\hotspot\share\interpreter\linkResolver.cpp, line 774]
Event: 8.750 Thread 0x000001e31db3cd30 Exception <a 'java/lang/NoSuchMethodError'{0x0000000086476ce0}: 'int java.lang.invoke.DirectMethodHandle$Holder.invokeStaticInit(java.lang.Object, java.lang.Object, java.lang.Object, java.lang.Object)'> (0x0000000086476ce0) 
thrown [s\src\hotspot\share\interpreter\linkResolver.cpp, line 774]
Event: 8.762 Thread 0x000001e31db3cd30 Implicit null exception at 0x000001e30fdfd680 to 0x000001e30fdfdaef
Event: 8.858 Thread 0x000001e31db3cd30 Exception <a 'java/lang/IncompatibleClassChangeError'{0x0000000085fd7d10}: Found class java.lang.Object, but interface was expected> (0x0000000085fd7d10) 
thrown [s\src\hotspot\share\interpreter\linkResolver.cpp, line 841]
Event: 8.891 Thread 0x000001e31db3cd30 Exception <a 'java/lang/NoSuchMethodError'{0x0000000085dd72d0}: 'java.lang.Object java.lang.invoke.DirectMethodHandle$Holder.newInvokeSpecial(java.lang.Object, java.lang.Object, java.lang.Object, java.lang.Object, java.lang.Object, java.lang.Object, java.lang.Object, java.lang.Object, java.lang.Object)'> (0x0000000085dd72d0) 
thrown [s\src\hotspot\share\interpreter\linkResolver.cpp, line 774]
Event: 8.958 Thread 0x000001e31db3cd30 Exception <a 'java/lang/NoSuchMethodError'{0x0000000085902db8}: 'java.lang.Object java.lang.invoke.DirectMethodHandle$Holder.invokeVirtual(java.lang.Object, java.lang.Object, java.lang.Object, java.lang.Object, java.lang.Object, java.lang.Object, java.lang.Object)'> (0x0000000085902db8) 
thrown [s\src\hotspot\share\interpreter\linkResolver.cpp, line 774]
Event: 9.126 Thread 0x000001e31db3cd30 Exception <a 'java/lang/NoSuchMethodError'{0x00000000850001d0}: 'double java.lang.invoke.DirectMethodHandle$Holder.invokeStatic(java.lang.Object, java.lang.Object)'> (0x00000000850001d0) 
thrown [s\src\hotspot\share\interpreter\linkResolver.cpp, line 774]
Event: 9.171 Thread 0x000001e31db3cd30 Implicit null exception at 0x000001e30fd4b0e0 to 0x000001e30fd4b2ec
Event: 9.216 Thread 0x000001e31db3ad50 Exception <a 'java/lang/NoSuchMethodError'{0x0000000089b9fa00}: 'long java.lang.invoke.DirectMethodHandle$Holder.invokeStatic(java.lang.Object, java.lang.Object, java.lang.Object)'> (0x0000000089b9fa00) 
thrown [s\src\hotspot\share\interpreter\linkResolver.cpp, line 774]
Event: 9.285 Thread 0x000001e31db3cd30 Exception <a 'java/lang/NoSuchMethodError'{0x000000008702c8c8}: 'java.lang.Object java.lang.invoke.DirectMethodHandle$Holder.invokeVirtual(java.lang.Object, java.lang.Object, java.lang.Object, java.lang.Object, java.lang.Object, java.lang.Object, java.lang.Object, java.lang.Object, java.lang.Object)'> (0x000000008702c8c8) 
thrown [s\src\hotspot\share\interpreter\linkResolver.cpp, line 774]
Event: 9.327 Thread 0x000001e31db3cd30 Exception <a 'java/lang/NoSuchMethodError'{0x0000000086d7b290}: 'void java.lang.invoke.DirectMethodHandle$Holder.invokeStatic(java.lang.Object, java.lang.Object, double)'> (0x0000000086d7b290) 
thrown [s\src\hotspot\share\interpreter\linkResolver.cpp, line 774]
Event: 9.343 Thread 0x000001e31db3cd30 Exception <a 'java/lang/NoSuchMethodError'{0x0000000086ddc400}: 'double java.lang.invoke.DirectMethodHandle$Holder.invokeStatic(java.lang.Object, java.lang.Object, java.lang.Object)'> (0x0000000086ddc400) 
thrown [s\src\hotspot\share\interpreter\linkResolver.cpp, line 774]
Event: 9.370 Thread 0x000001e31db3cd30 Exception <a 'java/lang/IncompatibleClassChangeError'{0x0000000086ccbf98}: Found class java.lang.Object, but interface was expected> (0x0000000086ccbf98) 
thrown [s\src\hotspot\share\interpreter\linkResolver.cpp, line 841]
Event: 9.375 Thread 0x000001e31db3cd30 Exception <a 'java/lang/NoSuchMethodError'{0x0000000086cea358}: 'java.lang.Object java.lang.invoke.DirectMethodHandle$Holder.newInvokeSpecial(java.lang.Object, java.lang.Object, int, java.lang.Object, java.lang.Object)'> (0x0000000086cea358) 
thrown [s\src\hotspot\share\interpreter\linkResolver.cpp, line 774]
Event: 9.376 Thread 0x000001e31db3cd30 Exception <a 'java/lang/NoSuchMethodError'{0x0000000086cf5578}: 'java.lang.Object java.lang.invoke.DirectMethodHandle$Holder.invokeSpecial(java.lang.Object, java.lang.Object, int, java.lang.Object, int, java.lang.Object)'> (0x0000000086cf5578) 
thrown [s\src\hotspot\share\interpreter\linkResolver.cpp, line 774]
Event: 9.376 Thread 0x000001e31db3cd30 Exception <a 'java/lang/NoSuchMethodError'{0x0000000086cfd210}: 'java.lang.Object java.lang.invoke.DirectMethodHandle$Holder.newInvokeSpecial(java.lang.Object, java.lang.Object, int, java.lang.Object, int)'> (0x0000000086cfd210) 
thrown [s\src\hotspot\share\interpreter\linkResolver.cpp, line 774]
Event: 9.376 Thread 0x000001e31db3cd30 Exception <a 'java/lang/NoSuchMethodError'{0x0000000086b01770}: 'java.lang.Object java.lang.invoke.DirectMethodHandle$Holder.invokeSpecial(java.lang.Object, java.lang.Object, java.lang.Object, int, java.lang.Object, int)'> (0x0000000086b01770) 
thrown [s\src\hotspot\share\interpreter\linkResolver.cpp, line 774]
Event: 9.454 Thread 0x000001e31db3cd30 Exception <a 'java/lang/IncompatibleClassChangeError'{0x000000008688a5b8}: Found class java.lang.Object, but interface was expected> (0x000000008688a5b8) 
thrown [s\src\hotspot\share\interpreter\linkResolver.cpp, line 841]
Event: 9.495 Thread 0x000001e31db3cd30 Implicit null exception at 0x000001e30fe911b5 to 0x000001e30fe91448

VM Operations (20 events):
Event: 9.342 Executing VM operation: HandshakeAllThreads
Event: 9.343 Executing VM operation: HandshakeAllThreads done
Event: 9.347 Executing VM operation: HandshakeAllThreads
Event: 9.347 Executing VM operation: HandshakeAllThreads done
Event: 9.373 Executing VM operation: HandshakeAllThreads
Event: 9.373 Executing VM operation: HandshakeAllThreads done
Event: 10.376 Executing VM operation: Cleanup
Event: 10.377 Executing VM operation: Cleanup done
Event: 11.390 Executing VM operation: Cleanup
Event: 11.390 Executing VM operation: Cleanup done
Event: 12.404 Executing VM operation: Cleanup
Event: 12.404 Executing VM operation: Cleanup done
Event: 14.423 Executing VM operation: Cleanup
Event: 14.424 Executing VM operation: Cleanup done
Event: 15.424 Executing VM operation: Cleanup
Event: 15.425 Executing VM operation: Cleanup done
Event: 17.436 Executing VM operation: Cleanup
Event: 17.436 Executing VM operation: Cleanup done
Event: 28.513 Executing VM operation: Cleanup
Event: 28.513 Executing VM operation: Cleanup done

Events (20 events):
Event: 9.276 Thread 0x000001e3245b3b20 Thread exited: 0x000001e3245b3b20
Event: 9.276 Thread 0x000001e3245afb60 Thread added: 0x000001e3245afb60
Event: 9.386 Thread 0x000001e3245b00b0 Thread added: 0x000001e3245b00b0
Event: 9.386 Thread 0x000001e3245b6af0 Thread added: 0x000001e3245b6af0
Event: 9.387 Thread 0x000001e3245b5060 Thread added: 0x000001e3245b5060
Event: 9.387 Thread 0x000001e3245b1b40 Thread added: 0x000001e3245b1b40
Event: 9.387 Thread 0x000001e3245b7040 Thread added: 0x000001e3245b7040
Event: 9.387 Thread 0x000001e3245b55b0 Thread added: 0x000001e3245b55b0
Event: 9.387 Thread 0x000001e3245b10a0 Thread added: 0x000001e3245b10a0
Event: 9.387 Thread 0x000001e3245b0600 Thread added: 0x000001e3245b0600
Event: 9.387 Thread 0x000001e3245b6050 Thread added: 0x000001e3245b6050
Event: 9.387 Thread 0x000001e3245b5b00 Thread added: 0x000001e3245b5b00
Event: 9.402 Thread 0x000001e3245b65a0 Thread added: 0x000001e3245b65a0
Event: 9.403 Thread 0x000001e3245b2090 Thread added: 0x000001e3245b2090
Event: 9.619 Thread 0x000001e31db3cd30 Thread exited: 0x000001e31db3cd30
Event: 9.622 Thread 0x000001e31db3b2a0 Thread exited: 0x000001e31db3b2a0
Event: 9.623 Thread 0x000001e37f0db1e0 Thread exited: 0x000001e37f0db1e0
Event: 9.623 Thread 0x000001e3245b3b20 Thread added: 0x000001e3245b3b20
Event: 11.297 Thread 0x000001e322913fe0 Thread exited: 0x000001e322913fe0
Event: 11.312 Thread 0x000001e3245af610 Thread exited: 0x000001e3245af610


Dynamic libraries:
0x00007ff791330000 - 0x00007ff79133d000 	C:\Users\user\.jdks\corretto-19.0.2\bin\java.exe
0x00007ff8d80d0000 - 0x00007ff8d82c8000 	C:\Windows\SYSTEM32\ntdll.dll
0x00007ff8d6590000 - 0x00007ff8d664d000 	C:\Windows\System32\KERNEL32.DLL
0x00007ff8d5d00000 - 0x00007ff8d5ff6000 	C:\Windows\System32\KERNELBASE.dll
0x00007ff8d6000000 - 0x00007ff8d6100000 	C:\Windows\System32\ucrtbase.dll
0x00007ff8a5570000 - 0x00007ff8a5585000 	C:\Users\user\.jdks\corretto-19.0.2\bin\VCRUNTIME140.dll
0x00007ff8a74d0000 - 0x00007ff8a74e7000 	C:\Users\user\.jdks\corretto-19.0.2\bin\jli.dll
0x00007ff8d61a0000 - 0x00007ff8d633e000 	C:\Windows\System32\USER32.dll
0x00007ff8bddd0000 - 0x00007ff8be06a000 	C:\Windows\WinSxS\amd64_microsoft.windows.common-controls_6595b64144ccf1df_6.0.19041.3636_none_60b6a03d71f818d5\COMCTL32.dll
0x00007ff8d5c20000 - 0x00007ff8d5c42000 	C:\Windows\System32\win32u.dll
0x00007ff8d7b40000 - 0x00007ff8d7bde000 	C:\Windows\System32\msvcrt.dll
0x00007ff8d6470000 - 0x00007ff8d649b000 	C:\Windows\System32\GDI32.dll
0x00007ff8d5860000 - 0x00007ff8d5977000 	C:\Windows\System32\gdi32full.dll
0x00007ff8d5980000 - 0x00007ff8d5a1d000 	C:\Windows\System32\msvcp_win.dll
0x00007ff8d7b00000 - 0x00007ff8d7b32000 	C:\Windows\System32\IMM32.DLL
0x00007ff8857b0000 - 0x00007ff88584b000 	C:\Users\user\.jdks\corretto-19.0.2\bin\msvcp140.dll
0x00007ff843110000 - 0x00007ff843de9000 	C:\Users\user\.jdks\corretto-19.0.2\bin\server\jvm.dll
0x00007ff8d79e0000 - 0x00007ff8d7a90000 	C:\Windows\System32\ADVAPI32.dll
0x00007ff8d6100000 - 0x00007ff8d61a0000 	C:\Windows\System32\sechost.dll
0x00007ff8d6340000 - 0x00007ff8d6465000 	C:\Windows\System32\RPCRT4.dll
0x00007ff8d5a20000 - 0x00007ff8d5a47000 	C:\Windows\System32\bcrypt.dll
0x00007ff8cf400000 - 0x00007ff8cf40a000 	C:\Windows\SYSTEM32\VERSION.dll
0x00007ff8c7fc0000 - 0x00007ff8c7fe7000 	C:\Windows\SYSTEM32\WINMM.dll
0x00007ff884cf0000 - 0x00007ff884cf9000 	C:\Windows\SYSTEM32\WSOCK32.dll
0x00007ff8d69b0000 - 0x00007ff8d6a1b000 	C:\Windows\System32\WS2_32.dll
0x00007ff8d3630000 - 0x00007ff8d3642000 	C:\Windows\SYSTEM32\kernel.appcore.dll
0x00007ff8aa610000 - 0x00007ff8aa61a000 	C:\Users\user\.jdks\corretto-19.0.2\bin\jimage.dll
0x00007ff8c5b00000 - 0x00007ff8c5ce4000 	C:\Windows\SYSTEM32\DBGHELP.DLL
0x00007ff8a64b0000 - 0x00007ff8a64e4000 	C:\Windows\SYSTEM32\dbgcore.DLL
0x00007ff8d5780000 - 0x00007ff8d5802000 	C:\Windows\System32\bcryptPrimitives.dll
0x00007ff8d0eb0000 - 0x00007ff8d0ebe000 	C:\Users\user\.jdks\corretto-19.0.2\bin\instrument.dll
0x00007ff8a24e0000 - 0x00007ff8a2506000 	C:\Users\user\.jdks\corretto-19.0.2\bin\java.dll
0x00007ff8856d0000 - 0x00007ff8857a6000 	C:\Users\user\.jdks\corretto-19.0.2\bin\jsvml.dll
0x00007ff8d7260000 - 0x00007ff8d79cb000 	C:\Windows\System32\SHELL32.dll
0x00007ff8d3830000 - 0x00007ff8d3fce000 	C:\Windows\SYSTEM32\windows.storage.dll
0x00007ff8d6650000 - 0x00007ff8d69a3000 	C:\Windows\System32\combase.dll
0x00007ff8d51b0000 - 0x00007ff8d51de000 	C:\Windows\SYSTEM32\Wldp.dll
0x00007ff8d6bb0000 - 0x00007ff8d6c7d000 	C:\Windows\System32\OLEAUT32.dll
0x00007ff8d7d10000 - 0x00007ff8d7dbd000 	C:\Windows\System32\SHCORE.dll
0x00007ff8d6b50000 - 0x00007ff8d6ba5000 	C:\Windows\System32\shlwapi.dll
0x00007ff8d56b0000 - 0x00007ff8d56d5000 	C:\Windows\SYSTEM32\profapi.dll
0x00007ff8a2070000 - 0x00007ff8a2088000 	C:\Users\user\.jdks\corretto-19.0.2\bin\zip.dll
0x00007ff8a21e0000 - 0x00007ff8a21f3000 	C:\Users\user\.jdks\corretto-19.0.2\bin\net.dll
0x00007ff8cd900000 - 0x00007ff8cda0a000 	C:\Windows\SYSTEM32\WINHTTP.dll
0x00007ff8d4f10000 - 0x00007ff8d4f7a000 	C:\Windows\system32\mswsock.dll
0x00007ff8a2090000 - 0x00007ff8a20a5000 	C:\Users\user\.jdks\corretto-19.0.2\bin\nio.dll
0x00007ff8d02c0000 - 0x00007ff8d02da000 	C:\Program Files\JetBrains\IntelliJ IDEA Community Edition 2022.3.2\bin\breakgen64.dll
0x00007ff8d0270000 - 0x00007ff8d0278000 	C:\Users\user\.jdks\corretto-19.0.2\bin\extnet.dll
0x00007ff8d0c50000 - 0x00007ff8d0c59000 	C:\Users\user\.jdks\corretto-19.0.2\bin\management.dll
0x00007ff8d0a50000 - 0x00007ff8d0a5b000 	C:\Users\user\.jdks\corretto-19.0.2\bin\management_ext.dll
0x00007ff8d79d0000 - 0x00007ff8d79d8000 	C:\Windows\System32\PSAPI.DLL
0x00007ff8d02b0000 - 0x00007ff8d02be000 	C:\Users\user\.jdks\corretto-19.0.2\bin\sunmscapi.dll
0x00007ff8d5ac0000 - 0x00007ff8d5c1d000 	C:\Windows\System32\CRYPT32.dll
0x00007ff8d5220000 - 0x00007ff8d5248000 	C:\Windows\SYSTEM32\ncrypt.dll
0x00007ff8d51e0000 - 0x00007ff8d521b000 	C:\Windows\SYSTEM32\NTASN1.dll
0x00007ff8d5110000 - 0x00007ff8d5128000 	C:\Windows\SYSTEM32\CRYPTSP.dll
0x00007ff8d47d0000 - 0x00007ff8d4804000 	C:\Windows\system32\rsaenh.dll
0x00007ff8d5630000 - 0x00007ff8d565e000 	C:\Windows\SYSTEM32\USERENV.dll
0x00007ff8d5100000 - 0x00007ff8d510c000 	C:\Windows\SYSTEM32\CRYPTBASE.dll
0x00007ff8d4bb0000 - 0x00007ff8d4beb000 	C:\Windows\SYSTEM32\IPHLPAPI.DLL
0x00007ff8d7af0000 - 0x00007ff8d7af8000 	C:\Windows\System32\NSI.dll
0x00007ff8cdef0000 - 0x00007ff8cdf07000 	C:\Windows\SYSTEM32\dhcpcsvc6.DLL
0x00007ff8ce880000 - 0x00007ff8ce89d000 	C:\Windows\SYSTEM32\dhcpcsvc.DLL
0x00007ff8d4bf0000 - 0x00007ff8d4cbb000 	C:\Windows\SYSTEM32\DNSAPI.dll
0x00007ff8a5bf0000 - 0x00007ff8a5c00000 	C:\Users\user\.jdks\corretto-19.0.2\bin\verify.dll
0x00007ff8c9f50000 - 0x00007ff8c9f5a000 	C:\Windows\System32\rasadhlp.dll
0x00007ff8cb3d0000 - 0x00007ff8cb450000 	C:\Windows\System32\fwpuclnt.dll
0x00007ff8ab160000 - 0x00007ff8ab167000 	C:\Windows\system32\wshunix.dll

dbghelp: loaded successfully - version: 4.0.5 - missing functions: none
symbol engine: initialized successfully - sym options: 0x614 - pdb path: .;C:\Users\user\.jdks\corretto-19.0.2\bin;C:\Windows\SYSTEM32;C:\Windows\WinSxS\amd64_microsoft.windows.common-controls_6595b64144ccf1df_6.0.19041.3636_none_60b6a03d71f818d5;C:\Users\user\.jdks\corretto-19.0.2\bin\server;C:\Program Files\JetBrains\IntelliJ IDEA Community Edition 2022.3.2\bin

VM Arguments:
jvm_args: -javaagent:C:\Program Files\JetBrains\IntelliJ IDEA Community Edition 2022.3.2\lib\idea_rt.jar=51866:C:\Program Files\JetBrains\IntelliJ IDEA Community Edition 2022.3.2\bin -Dfile.encoding=UTF-8 -Dsun.stdout.encoding=UTF-8 -Dsun.stderr.encoding=UTF-8 
java_command: com.example.recettes.RecettesApplication
java_class_path (initial): C:\recettes\target\classes;C:\Users\user\.m2\repository\org\springframework\boot\spring-boot-starter-data-jpa\3.2.4\spring-boot-starter-data-jpa-3.2.4.jar;C:\Users\user\.m2\repository\org\springframework\boot\spring-boot-starter-aop\3.2.4\spring-boot-starter-aop-3.2.4.jar;C:\Users\user\.m2\repository\org\springframework\spring-aop\6.1.5\spring-aop-6.1.5.jar;C:\Users\user\.m2\repository\org\aspectj\aspectjweaver\1.9.21\aspectjweaver-1.9.21.jar;C:\Users\user\.m2\repository\org\springframework\boot\spring-boot-starter-jdbc\3.2.4\spring-boot-starter-jdbc-3.2.4.jar;C:\Users\user\.m2\repository\com\zaxxer\HikariCP\5.0.1\HikariCP-5.0.1.jar;C:\Users\user\.m2\repository\org\springframework\spring-jdbc\6.1.5\spring-jdbc-6.1.5.jar;C:\Users\user\.m2\repository\org\hibernate\orm\hibernate-core\6.4.4.Final\hibernate-core-6.4.4.Final.jar;C:\Users\user\.m2\repository\jakarta\persistence\jakarta.persistence-api\3.1.0\jakarta.persistence-api-3.1.0.jar;C:\Users\user\.m2\repository\jakarta\transaction\jakarta.transaction-api\2.0.1\jakarta.transaction-api-2.0.1.jar;C:\Users\user\.m2\repository\org\jboss\logging\jboss-logging\3.5.3.Final\jboss-logging-3.5.3.Final.jar;C:\Users\user\.m2\repository\org\hibernate\common\hibernate-commons-annotations\6.0.6.Final\hibernate-commons-annotations-6.0.6.Final.jar;C:\Users\user\.m2\repository\io\smallrye\jandex\3.1.2\jandex-3.1.2.jar;C:\Users\user\.m2\repository\com\fasterxml\classmate\1.6.0\classmate-1.6.0.jar;C:\Users\user\.m2\repository\net\bytebuddy\byte-buddy\1.14.12\byte-buddy-1.14.12.jar;C:\Users\user\.m2\repository\org\glassfish\jaxb\jaxb-runtime\4.0.5\jaxb-runtime-4.0.5.jar;C:\Users\user\.m2\repository\org\glassfish\jaxb\jaxb-core\4.0.5\jaxb-core-4.0.5.jar;C:\Users\user\.m2\repository\org\eclipse\angus\angus-activation\2.0.2\angus-activation-2.0.2.jar;C:\Users\user\.m2\repository\org\glassfish\jaxb\txw2\4.0.5\txw2-4.0.5.jar;C:\Users\user\.m2\repository\com\sun\istack\istack-commons-runtime\4.1.2\istack-commons-runtime-4.1.2.jar;C:\Users\user\.m2\repository\jakarta\inject\jakarta.inject-api\2.0.1\jakarta.inject-api-2.0.1.jar;C:\Users\user\.m2\repository\org\antlr\antlr4-runtime\4.13.0\antlr4-runtime-4.13.0.jar;C:\Users\user\.m2\repository\org\springframework\data\spring-data-jpa\3.2.4\spring-data-jpa-3.2.4.jar;C:\Users\user\.m2\repository\org\springframework\data\spring-data-commons\3.2.4\spring-data-commons-3.2.4.jar;C:\Users\user\.m2\repository\org\springframework\spring-orm\6.1.5\spring-orm-6.1.5.jar;C:\Users\user\.m2\repository\org\springframework\spring-context\6.1.5\spring-context-6.1.5.jar;C:\Users\user\.m2\repository\org\springframework\spring-tx\6.1.5\spring-tx-6.1.5.jar;C:\Users\user\.m2\repository\org\springframework\spring-beans\6.1.5\spring-beans-6.1.5.jar;C:\Users\user\.m2\repository\jakarta\annotation\jakarta.annotation-api\2.1.1\jakarta.annotation-api-2.1.1.jar;C:\Users\user\.m2\repository\org\slf4j\slf4j-api\2.0.12\slf4j-api-2.0.12.jar;C:\Users\user\.m2\repository\org\springframework\spring-aspects\6.1.5\spring-aspects-6.1.5.jar;C:\Users\user\.m2\repository\org\springframework\boot\spring-boot-starter-thymeleaf\3.2.4\spring-boot-starter-thymeleaf-3.2.4.jar;C:\Users\user\.m2\repository\org\springframework\boot\spring-boot-starter\3.2.4\spring-boot-starter-3.2.4.jar;C:\Users\user\.m2\repository\org\springframework\boot\spring-boot-starter-logging\3.2.4\spring-boot-starter-logging-3.2.4.jar;C:\Users\user\.m2\repository\ch\qos\logback\logback-classic\1.4.14\logback-classic-1.4.14.jar;C:\Users\user\.m2\repository\ch\qos\logback\logback-core\1.4.14\logback-core-1.4.14.jar;C:\Users\user\.m2\repository\org\apache\logging\log4j\log4j-to-slf4j\2.21.1\log4j-to-slf4j-2.21.1.jar;C:\Users\user\.m2\repository\org\apache\logging\log4j\log4j-api\2.21.1\log4j-api-2.21.1.jar;C:\Users\user\.m2\repository\org\slf4j\jul-to-slf4j\2.0.12\jul-to-slf4j-2.0.12.jar;C:\Users\user\.m2\repository\org\yaml\snakeyaml\2.2\snakeyaml-2.2.jar;C:\Users\user\.m2\repository\org\thymeleaf\thymeleaf-spring6\3.1.2.RELEASE\thymeleaf-spring6-3.1.2.RELEASE.jar;C:\Users\user\.m2\repository\org\thymeleaf\thymeleaf\3.1.2.RELEASE\thymeleaf-3.1.2.RELEASE.jar;C:\Users\user\.m2\repository\org\attoparser\attoparser\2.0.7.RELEASE\attoparser-2.0.7.RELEASE.jar;C:\Users\user\.m2\repository\org\unbescape\unbescape\1.1.6.RELEASE\unbescape-1.1.6.RELEASE.jar;C:\Users\user\.m2\repository\org\springframework\boot\spring-boot-starter-web\3.2.4\spring-boot-starter-web-3.2.4.jar;C:\Users\user\.m2\repository\org\springframework\boot\spring-boot-starter-json\3.2.4\spring-boot-starter-json-3.2.4.jar;C:\Users\user\.m2\repository\com\fasterxml\jackson\core\jackson-databind\2.15.4\jackson-databind-2.15.4.jar;C:\Users\user\.m2\repository\com\fasterxml\jackson\core\jackson-annotations\2.15.4\jackson-annotations-2.15.4.jar;C:\Users\user\.m2\repository\com\fasterxml\jackson\core\jackson-core\2.15.4\jackson-core-2.15.4.jar;C:\Users\user\.m2\repository\com\fasterxml\jackson\datatype\jackson-datatype-jdk8\2.15.4\jackson-datatype-jdk8-2.15.4.jar;C:\Users\user\.m2\repository\com\fasterxml\jackson\datatype\jackson-datatype-jsr310\2.15.4\jackson-datatype-jsr310-2.15.4.jar;C:\Users\user\.m2\repository\com\fasterxml\jackson\module\jackson-module-parameter-names\2.15.4\jackson-module-parameter-names-2.15.4.jar;C:\Users\user\.m2\repository\org\springframework\boot\spring-boot-starter-tomcat\3.2.4\spring-boot-starter-tomcat-3.2.4.jar;C:\Users\user\.m2\repository\org\apache\tomcat\embed\tomcat-embed-websocket\10.1.19\tomcat-embed-websocket-10.1.19.jar;C:\Users\user\.m2\repository\org\springframework\spring-web\6.1.5\spring-web-6.1.5.jar;C:\Users\user\.m2\repository\org\springframework\spring-webmvc\6.1.5\spring-webmvc-6.1.5.jar;C:\Users\user\.m2\repository\org\springframework\spring-expression\6.1.5\spring-expression-6.1.5.jar;C:\Users\user\.m2\repository\com\mysql\mysql-connector-j\8.3.0\mysql-connector-j-8.3.0.jar;C:\Users\user\.m2\repository\jakarta\xml\bind\jakarta.xml.bind-api\4.0.2\jakarta.xml.bind-api-4.0.2.jar;C:\Users\user\.m2\repository\jakarta\activation\jakarta.activation-api\2.1.3\jakarta.activation-api-2.1.3.jar;C:\Users\user\.m2\repository\org\springframework\spring-core\6.1.5\spring-core-6.1.5.jar;C:\Users\user\.m2\repository\org\springframework\spring-jcl\6.1.5\spring-jcl-6.1.5.jar;C:\Users\user\.m2\repository\org\springframework\boot\spring-boot-starter-actuator\3.2.4\spring-boot-starter-actuator-3.2.4.jar;C:\Users\user\.m2\repository\org\springframework\boot\spring-boot-actuator-autoconfigure\3.2.4\spring-boot-actuator-autoconfigure-3.2.4.jar;C:\Users\user\.m2\repository\org\springframework\boot\spring-boot-actuator\3.2.4\spring-boot-actuator-3.2.4.jar;C:\Users\user\.m2\repository\io\micrometer\micrometer-observation\1.12.4\micrometer-observation-1.12.4.jar;C:\Users\user\.m2\repository\io\micrometer\micrometer-commons\1.12.4\micrometer-commons-1.12.4.jar;C:\Users\user\.m2\repository\io\micrometer\micrometer-jakarta9\1.12.4\micrometer-jakarta9-1.12.4.jar;C:\Users\user\.m2\repository\io\micrometer\micrometer-core\1.12.4\micrometer-core-1.12.4.jar;C:\Users\user\.m2\repository\org\hdrhistogram\HdrHistogram\2.1.12\HdrHistogram-2.1.12.jar;C:\Users\user\.m2\repository\org\latencyutils\LatencyUtils\2.0.3\LatencyUtils-2.0.3.jar;C:\Users\user\.m2\repository\org\springframework\boot\spring-boot-devtools\3.2.4\spring-boot-devtools-3.2.4.jar;C:\Users\user\.m2\repository\org\springframework\boot\spring-boot\3.2.4\spring-boot-3.2.4.jar;C:\Users\user\.m2\repository\org\springframework\boot\spring-boot-autoconfigure\3.2.4\spring-boot-autoconfigure-3.2.4.jar;C:\Users\user\.m2\repository\org\apache\tomcat\embed\tomcat-embed-core\10.1.19\tomcat-embed-core-10.1.19.jar;C:\Users\user\.m2\repository\org\apache\tomcat\tomcat-annotations-api\10.1.19\tomcat-annotations-api-10.1.19.jar;C:\Users\user\.m2\repository\org\apache\tomcat\embed\tomcat-embed-el\10.1.19\tomcat-embed-el-10.1.19.jar
Launcher Type: SUN_STANDARD

[Global flags]
     intx CICompilerCount                          = 4                                         {product} {ergonomic}
     uint ConcGCThreads                            = 2                                         {product} {ergonomic}
     uint G1ConcRefinementThreads                  = 8                                         {product} {ergonomic}
   size_t G1HeapRegionSize                         = 1048576                                   {product} {ergonomic}
    uintx GCDrainStackTargetSize                   = 64                                        {product} {ergonomic}
   size_t InitialHeapSize                          = 134217728                                 {product} {ergonomic}
   size_t MarkStackSize                            = 4194304                                   {product} {ergonomic}
   size_t MaxHeapSize                              = 2118123520                                {product} {ergonomic}
   size_t MaxNewSize                               = 1270874112                                {product} {ergonomic}
   size_t MinHeapDeltaBytes                        = 1048576                                   {product} {ergonomic}
   size_t MinHeapSize                              = 8388608                                   {product} {ergonomic}
    uintx NonNMethodCodeHeapSize                   = 5839372                                {pd product} {ergonomic}
    uintx NonProfiledCodeHeapSize                  = 122909434                              {pd product} {ergonomic}
    uintx ProfiledCodeHeapSize                     = 122909434                              {pd product} {ergonomic}
    uintx ReservedCodeCacheSize                    = 251658240                              {pd product} {ergonomic}
     bool SegmentedCodeCache                       = true                                      {product} {ergonomic}
   size_t SoftMaxHeapSize                          = 2118123520                             {manageable} {ergonomic}
     bool UseCompressedClassPointers               = true                           {product lp64_product} {ergonomic}
     bool UseCompressedOops                        = true                           {product lp64_product} {ergonomic}
     bool UseG1GC                                  = true                                      {product} {ergonomic}
     bool UseLargePagesIndividualAllocation        = false                                  {pd product} {ergonomic}

Logging:
Log output configuration:
 #0: stdout all=warning uptime,level,tags foldmultilines=false
 #1: stderr all=off uptime,level,tags foldmultilines=false

Environment Variables:
PATH=C:\Program Files\Common Files\Oracle\Java\javapath;C:\Windows\system32;C:\Windows;C:\Windows\System32\Wbem;C:\Windows\System32\WindowsPowerShell\v1.0\;C:\Windows\System32\OpenSSH\;C:\Program Files (x86)\Microsoft SQL Server\150\Tools\Binn\;C:\Program Files\Microsoft SQL Server\150\Tools\Binn\;C:\Program Files (x86)\Microsoft SQL Server\150\DTS\Binn\;C:\Program Files\Microsoft SQL Server\150\DTS\Binn\;C:\Program Files\Microsoft SQL Server\Client SDK\ODBC\170\Tools\Binn\;C:\Program Files\Microsoft SQL Server\130\Tools\Binn\;C:\Program Files (x86)\Microsoft SQL Server\110\DTS\Binn\;C:\Program Files (x86)\Microsoft SQL Server\120\DTS\Binn\;C:\Program Files (x86)\Microsoft SQL Server\130\DTS\Binn\;C:\Program Files (x86)\Microsoft SQL Server\140\DTS\Binn\;C:\Program Files (x86)\Microsoft SQL Server\160\DTS\Binn\;C:\Program Files\Azure Data Studio\bin;C:\Program Files\nodejs\;C:\ELK\elasticsearch-8.7.1\bin;C:\ELK\kibana-8.7.1\bin;C:\ELK\logstash-8.7.1\bin;C:\Users\user\AppData\Local\Programs\Python\Python311\python.exe;C:\Program Files\Common Files\Autodesk Shared\;C:\Users\user\AppData\Local\Programs\Python\Python311\Scripts\;C:\Users\user\AppData\Local\Programs\Python\Python311\;C:\Users\user\AppData\Local\Microsoft\WindowsApps;C:\Program Files\MongoDB\Server\3.6\bin;C:\Users\user\AppData\Local\Programs\Microsoft VS Code\bin;C:\Program Files\Azure Data Studio\bin;C:\Users\user\AppData\Roaming\npm;C:\win_flex_bison3-latest;C:\Users\user\AppData\Local\Programs\Microsoft VS Code\bin;C:\MinGW\bin;C:\Program Files (x86)\apache-maven-3.9.6-bin\apache-maven-3.9.6\bin;C:\Users\user\AppData\Local\GitHubDesktop\bin
USERNAME=user
OS=Windows_NT
PROCESSOR_IDENTIFIER=Intel64 Family 6 Model 142 Stepping 10, GenuineIntel
TMP=C:\Users\user\AppData\Local\Temp
TEMP=C:\Users\user\AppData\Local\Temp



---------------  S Y S T E M  ---------------

OS:
 Windows 10 , 64 bit Build 19041 (10.0.19041.3636)
OS uptime: 0 days 1:02 hours

CPU: total 8 (initial active 8) (4 cores per cpu, 2 threads per core) family 6 model 142 stepping 10 microcode 0xb4, cx8, cmov, fxsr, ht, mmx, 3dnowpref, sse, sse2, sse3, ssse3, sse4.1, sse4.2, popcnt, lzcnt, tsc, tscinvbit, avx, avx2, aes, erms, clmul, bmi1, bmi2, adx, fma, vzeroupper, clflush, clflushopt, rdtscp

Memory: 4k page, system-wide physical 8074M (1059M free)
TotalPageFile size 11356M (AvailPageFile size 13M)
current process WorkingSet (physical memory assigned to process): 266M, peak: 309M
current process commit charge ("private bytes"): 305M, peak: 349M

vm_info: OpenJDK 64-Bit Server VM (19.0.2+7-FR) for windows-amd64 JRE (19.0.2+7-FR), built on Jan 13 2023 22:53:32 by "Administrator" with MS VC++ 15.9 (VS2017)

END.
