#
# There is insufficient memory for the Java Runtime Environment to continue.
# Native memory allocation (malloc) failed to allocate 1051536 bytes for Chunk::new
# Possible reasons:
#   The system is out of physical RAM or swap space
#   The process is running with CompressedOops enabled, and the Java Heap may be blocking the growth of the native heap
# Possible solutions:
#   Reduce memory load on the system
#   Increase physical memory or swap space
#   Check if swap backing store is full
#   Decrease Java heap size (-Xmx/-Xms)
#   Decrease number of Java threads
#   Decrease Java thread stack sizes (-Xss)
#   Set larger code cache with -XX:ReservedCodeCacheSize=
#   JVM is running with Unscaled Compressed Oops mode in which the Java heap is
#     placed in the first 4GB address space. The Java Heap base address is the
#     maximum limit for the native heap growth. Please use -XX:HeapBaseMinAddress
#     to set the Java Heap base and to place the Java Heap above 4GB virtual address.
# This output file may be truncated or incomplete.
#
#  Out of Memory Error (arena.cpp:184), pid=14452, tid=16240
#
# JRE version: OpenJDK Runtime Environment Corretto-19.0.2.7.1 (19.0.2+7) (build 19.0.2+7-FR)
# Java VM: OpenJDK 64-Bit Server VM Corretto-19.0.2.7.1 (19.0.2+7-FR, mixed mode, sharing, tiered, compressed oops, compressed class ptrs, g1 gc, windows-amd64)
# No core dump will be written. Minidumps are not enabled by default on client versions of Windows
#

---------------  S U M M A R Y ------------

Command Line: -javaagent:C:\Program Files\JetBrains\IntelliJ IDEA Community Edition 2022.3.2\lib\idea_rt.jar=51941:C:\Program Files\JetBrains\IntelliJ IDEA Community Edition 2022.3.2\bin -Dfile.encoding=UTF-8 -Dsun.stdout.encoding=UTF-8 -Dsun.stderr.encoding=UTF-8 com.example.recettes.RecettesApplication

Host: Intel(R) Core(TM) i7-8550U CPU @ 1.80GHz, 8 cores, 7G,  Windows 10 , 64 bit Build 19041 (10.0.19041.3636)
Time: Wed Mar 27 22:17:49 2024 Afr. centrale Ouest elapsed time: 6.427848 seconds (0d 0h 0m 6s)

---------------  T H R E A D  ---------------

Current thread (0x000001a63b99ce00):  JavaThread "C2 CompilerThread2" daemon [_thread_in_native, id=16240, stack(0x0000008e98300000,0x0000008e98400000)]


Current CompileTask:
C2:   6427 5567       4       org.springframework.core.annotation.TypeMappedAnnotations::get (8 bytes)

Stack: [0x0000008e98300000,0x0000008e98400000]
Native frames: (J=compiled Java code, j=interpreted, Vv=VM code, C=native code)
V  [jvm.dll+0x6d034a]
V  [jvm.dll+0x880f10]
V  [jvm.dll+0x88289e]
V  [jvm.dll+0x882f43]
V  [jvm.dll+0x27b4bb]
V  [jvm.dll+0xdd792]
V  [jvm.dll+0xddb25]
V  [jvm.dll+0x2f2d72]
V  [jvm.dll+0x5d5c0f]
V  [jvm.dll+0x24fb5a]
V  [jvm.dll+0x248c6e]
V  [jvm.dll+0x246488]
V  [jvm.dll+0x1d4bb7]
V  [jvm.dll+0x25558a]
V  [jvm.dll+0x2538d7]
V  [jvm.dll+0x8342bd]
V  [jvm.dll+0x82e2fa]
V  [jvm.dll+0x6cf0d3]
C  [ucrtbase.dll+0x21bb2]
C  [KERNEL32.DLL+0x17344]
C  [ntdll.dll+0x526b1]


---------------  P R O C E S S  ---------------

Threads class SMR info:
_java_thread_list=0x000001a6437ffab0, length=23, elements={
0x000001a61ceef790, 0x000001a63b978080, 0x000001a63b978e70, 0x000001a63b97b540,
0x000001a63b97e200, 0x000001a63b97eb30, 0x000001a63b981470, 0x000001a63b98e200,
0x000001a63b99c870, 0x000001a63b99e780, 0x000001a63fccb840, 0x000001a63fccc2e0,
0x000001a63fccbd90, 0x000001a63fccc830, 0x000001a63fccd820, 0x000001a63fccada0,
0x000001a63fccb2f0, 0x000001a63fcccd80, 0x000001a64219fff0, 0x000001a64219d020,
0x000001a64219d570, 0x000001a63b99b7c0, 0x000001a63b99ce00
}

Java Threads: ( => current thread )
  0x000001a61ceef790 JavaThread "main" [_thread_blocked, id=14128, stack(0x0000008e96700000,0x0000008e96800000)]
  0x000001a63b978080 JavaThread "Reference Handler" daemon [_thread_blocked, id=15228, stack(0x0000008e96e00000,0x0000008e96f00000)]
  0x000001a63b978e70 JavaThread "Finalizer" daemon [_thread_blocked, id=15880, stack(0x0000008e96f00000,0x0000008e97000000)]
  0x000001a63b97b540 JavaThread "Signal Dispatcher" daemon [_thread_blocked, id=7448, stack(0x0000008e97000000,0x0000008e97100000)]
  0x000001a63b97e200 JavaThread "Attach Listener" daemon [_thread_blocked, id=14780, stack(0x0000008e97100000,0x0000008e97200000)]
  0x000001a63b97eb30 JavaThread "Service Thread" daemon [_thread_blocked, id=15940, stack(0x0000008e97200000,0x0000008e97300000)]
  0x000001a63b981470 JavaThread "Monitor Deflation Thread" daemon [_thread_blocked, id=15884, stack(0x0000008e97300000,0x0000008e97400000)]
  0x000001a63b98e200 JavaThread "C2 CompilerThread0" daemon [_thread_in_native, id=2392, stack(0x0000008e97400000,0x0000008e97500000)]
  0x000001a63b99c870 JavaThread "C1 CompilerThread0" daemon [_thread_in_vm, id=11900, stack(0x0000008e97500000,0x0000008e97600000)]
  0x000001a63b99e780 JavaThread "Sweeper thread" daemon [_thread_blocked, id=16036, stack(0x0000008e97600000,0x0000008e97700000)]
  0x000001a63fccb840 JavaThread "Common-Cleaner" daemon [_thread_blocked, id=15324, stack(0x0000008e97700000,0x0000008e97800000)]
  0x000001a63fccc2e0 JavaThread "Monitor Ctrl-Break" daemon [_thread_in_native, id=9992, stack(0x0000008e97800000,0x0000008e97900000)]
  0x000001a63fccbd90 JavaThread "Notification Thread" daemon [_thread_blocked, id=15640, stack(0x0000008e97900000,0x0000008e97a00000)]
  0x000001a63fccc830 JavaThread "Thread-0" [_thread_blocked, id=12560, stack(0x0000008e97c00000,0x0000008e97d00000)]
  0x000001a63fccd820 JavaThread "restartedMain" [_thread_in_vm, id=2444, stack(0x0000008e97d00000,0x0000008e97e00000)]
  0x000001a63fccada0 JavaThread "Catalina-utility-1" [_thread_blocked, id=4220, stack(0x0000008e98700000,0x0000008e98800000)]
  0x000001a63fccb2f0 JavaThread "Catalina-utility-2" [_thread_blocked, id=15988, stack(0x0000008e98800000,0x0000008e98900000)]
  0x000001a63fcccd80 JavaThread "container-0" [_thread_blocked, id=15288, stack(0x0000008e98900000,0x0000008e98a00000)]
  0x000001a64219fff0 JavaThread "mysql-cj-abandoned-connection-cleanup" daemon [_thread_blocked, id=10444, stack(0x0000008e98a00000,0x0000008e98b00000)]
  0x000001a64219d020 JavaThread "HikariPool-1 housekeeper" daemon [_thread_blocked, id=16216, stack(0x0000008e98c00000,0x0000008e98d00000)]
  0x000001a64219d570 JavaThread "HikariPool-1 connection adder" daemon [_thread_blocked, id=16220, stack(0x0000008e98d00000,0x0000008e98e00000)]
  0x000001a63b99b7c0 JavaThread "C2 CompilerThread1" daemon [_thread_in_native, id=16232, stack(0x0000008e97b00000,0x0000008e97c00000)]
=>0x000001a63b99ce00 JavaThread "C2 CompilerThread2" daemon [_thread_in_native, id=16240, stack(0x0000008e98300000,0x0000008e98400000)]

Other Threads:
  0x000001a63b95c370 VMThread "VM Thread" [stack: 0x0000008e96d00000,0x0000008e96e00000] [id=6472]
  0x000001a61cef07b0 WatcherThread "VM Periodic Task Thread" [stack: 0x0000008e97a00000,0x0000008e97b00000] [id=13356]
  0x000001a61cf4bcb0 WorkerThread "GC Thread#0" [stack: 0x0000008e96800000,0x0000008e96900000] [id=7568]
  0x000001a6409a5b10 WorkerThread "GC Thread#1" [stack: 0x0000008e97e00000,0x0000008e97f00000] [id=12232]
  0x000001a6409c0cd0 WorkerThread "GC Thread#2" [stack: 0x0000008e97f00000,0x0000008e98000000] [id=7144]
  0x000001a6409c0fa0 WorkerThread "GC Thread#3" [stack: 0x0000008e98000000,0x0000008e98100000] [id=12496]
  0x000001a6409ee540 WorkerThread "GC Thread#4" [stack: 0x0000008e98100000,0x0000008e98200000] [id=14384]
  0x000001a6409efbc0 WorkerThread "GC Thread#5" [stack: 0x0000008e98200000,0x0000008e98300000] [id=15928]
  0x000001a6409eedb0 WorkerThread "GC Thread#6" [stack: 0x0000008e98400000,0x0000008e98500000] [id=14860]
  0x000001a6409efe90 WorkerThread "GC Thread#7" [stack: 0x0000008e98500000,0x0000008e98600000] [id=11292]
  0x000001a61cf5da40 ConcurrentGCThread "G1 Main Marker" [stack: 0x0000008e96900000,0x0000008e96a00000] [id=15900]
  0x000001a61cf5ecb0 WorkerThread "G1 Conc#0" [stack: 0x0000008e96a00000,0x0000008e96b00000] [id=14256]
  0x000001a641319540 WorkerThread "G1 Conc#1" [stack: 0x0000008e98600000,0x0000008e98700000] [id=16024]
  0x000001a63b817500 ConcurrentGCThread "G1 Refine#0" [stack: 0x0000008e96b00000,0x0000008e96c00000] [id=14544]
  0x000001a61cfad1f0 ConcurrentGCThread "G1 Service" [stack: 0x0000008e96c00000,0x0000008e96d00000] [id=14304]

Threads with active compile tasks:
C2 CompilerThread0     6452 5542       4       org.springframework.core.annotation.AnnotationsScanner::process (55 bytes)
C2 CompilerThread1     6452 5541       4       org.springframework.core.annotation.AnnotationsScanner::scan (21 bytes)
C2 CompilerThread2     6452 5567       4       org.springframework.core.annotation.TypeMappedAnnotations::get (8 bytes)

VM state: not at safepoint (normal execution)

VM Mutex/Monitor currently owned by a thread: None

Heap address: 0x0000000081c00000, size: 2020 MB, Compressed Oops mode: 32-bit

CDS archive(s) mapped at: [0x0000000800000000-0x0000000800c40000-0x0000000800c40000), size 12845056, SharedBaseAddress: 0x0000000800000000, ArchiveRelocationMode: 0.
Compressed class space mapped at: 0x0000000801000000-0x0000000841000000, reserved size: 1073741824
Narrow klass base: 0x0000000800000000, Narrow klass shift: 0, Narrow klass range: 0x100000000

GC Precious Log:
 CardTable entry size: 512
 Card Set container configuration: InlinePtr #cards 5 size 8 Array Of Cards #cards 12 size 40 Howl #buckets 4 coarsen threshold 1843 Howl Bitmap #cards 512 size 80 coarsen threshold 460 Card regions per heap region 1 cards per card region 2048
 CPUs: 8 total, 8 available
 Memory: 8074M
 Large Page Support: Disabled
 NUMA Support: Disabled
 Compressed Oops: Enabled (32-bit)
 Heap Region Size: 1M
 Heap Min Capacity: 8M
 Heap Initial Capacity: 128M
 Heap Max Capacity: 2020M
 Pre-touch: Disabled
 Parallel Workers: 8
 Concurrent Workers: 2
 Concurrent Refinement Workers: 8
 Periodic GC: Disabled

Heap:
 garbage-first heap   total 75776K, used 27878K [0x0000000081c00000, 0x0000000100000000)
  region size 1024K, 5 young (5120K), 3 survivors (3072K)
 Metaspace       used 60155K, committed 60800K, reserved 1114112K
  class space    used 7765K, committed 8064K, reserved 1048576K

Heap Regions: E=young(eden), S=young(survivor), O=old, HS=humongous(starts), HC=humongous(continues), CS=collection set, F=free, OA=open archive, CA=closed archive, TAMS=top-at-mark-start (previous, next)
|   0|0x0000000081c00000, 0x0000000081d00000, 0x0000000081d00000|100%|HS|  |TAMS 0x0000000081d00000, 0x0000000081c00000| Complete 
|   1|0x0000000081d00000, 0x0000000081e00000, 0x0000000081e00000|100%| O|  |TAMS 0x0000000081e00000, 0x0000000081d00000| Untracked 
|   2|0x0000000081e00000, 0x0000000081f00000, 0x0000000081f00000|100%| O|  |TAMS 0x0000000081f00000, 0x0000000081e00000| Untracked 
|   3|0x0000000081f00000, 0x0000000082000000, 0x0000000082000000|100%| O|  |TAMS 0x0000000082000000, 0x0000000081f00000| Untracked 
|   4|0x0000000082000000, 0x0000000082100000, 0x0000000082100000|100%| O|  |TAMS 0x0000000082100000, 0x0000000082000000| Untracked 
|   5|0x0000000082100000, 0x0000000082200000, 0x0000000082200000|100%| O|  |TAMS 0x0000000082200000, 0x0000000082100000| Untracked 
|   6|0x0000000082200000, 0x0000000082300000, 0x0000000082300000|100%| O|  |TAMS 0x0000000082300000, 0x0000000082200000| Updating 
|   7|0x0000000082300000, 0x0000000082400000, 0x0000000082400000|100%| O|  |TAMS 0x0000000082400000, 0x0000000082300000| Untracked 
|   8|0x0000000082400000, 0x0000000082500000, 0x0000000082500000|100%| O|  |TAMS 0x0000000082500000, 0x0000000082400000| Untracked 
|   9|0x0000000082500000, 0x0000000082600000, 0x0000000082600000|100%| O|  |TAMS 0x0000000082600000, 0x0000000082500000| Untracked 
|  10|0x0000000082600000, 0x0000000082700000, 0x0000000082700000|100%| O|  |TAMS 0x0000000082700000, 0x0000000082600000| Untracked 
|  11|0x0000000082700000, 0x0000000082800000, 0x0000000082800000|100%| O|  |TAMS 0x0000000082800000, 0x0000000082700000| Untracked 
|  12|0x0000000082800000, 0x0000000082900000, 0x0000000082900000|100%| O|  |TAMS 0x0000000082900000, 0x0000000082800000| Untracked 
|  13|0x0000000082900000, 0x0000000082a00000, 0x0000000082a00000|100%| O|  |TAMS 0x0000000082a00000, 0x0000000082900000| Untracked 
|  14|0x0000000082a00000, 0x0000000082b00000, 0x0000000082b00000|100%| O|  |TAMS 0x0000000082b00000, 0x0000000082a00000| Untracked 
|  15|0x0000000082b00000, 0x0000000082c00000, 0x0000000082c00000|100%| O|  |TAMS 0x0000000082c00000, 0x0000000082b00000| Updating 
|  16|0x0000000082c00000, 0x0000000082c00000, 0x0000000082d00000|  0%| F|  |TAMS 0x0000000082c00000, 0x0000000082c00000| Untracked 
|  17|0x0000000082d00000, 0x0000000082e00000, 0x0000000082e00000|100%| O|  |TAMS 0x0000000082e00000, 0x0000000082d00000| Untracked 
|  18|0x0000000082e00000, 0x0000000082eb7200, 0x0000000082f00000| 71%| O|  |TAMS 0x0000000082eb7200, 0x0000000082e00000| Updating 
|  19|0x0000000082f00000, 0x0000000083000000, 0x0000000083000000|100%| O|  |TAMS 0x0000000083000000, 0x0000000082f00000| Untracked 
|  20|0x0000000083000000, 0x0000000083100000, 0x0000000083100000|100%| O|  |TAMS 0x0000000083100000, 0x0000000083000000| Untracked 
|  21|0x0000000083100000, 0x0000000083200000, 0x0000000083200000|100%| O|  |TAMS 0x0000000083200000, 0x0000000083100000| Untracked 
|  22|0x0000000083200000, 0x0000000083300000, 0x0000000083300000|100%| O|  |TAMS 0x0000000083300000, 0x0000000083200000| Untracked 
|  23|0x0000000083300000, 0x0000000083400000, 0x0000000083400000|100%| O|  |TAMS 0x0000000083400000, 0x0000000083300000| Untracked 
|  24|0x0000000083400000, 0x0000000083482600, 0x0000000083500000| 50%| O|  |TAMS 0x0000000083482600, 0x0000000083400000| Updating 
|  25|0x0000000083500000, 0x0000000083500000, 0x0000000083600000|  0%| F|  |TAMS 0x0000000083500000, 0x0000000083500000| Untracked 
|  26|0x0000000083600000, 0x0000000083600000, 0x0000000083700000|  0%| F|  |TAMS 0x0000000083600000, 0x0000000083600000| Untracked 
|  27|0x0000000083700000, 0x0000000083700000, 0x0000000083800000|  0%| F|  |TAMS 0x0000000083700000, 0x0000000083700000| Untracked 
|  28|0x0000000083800000, 0x0000000083800000, 0x0000000083900000|  0%| F|  |TAMS 0x0000000083800000, 0x0000000083800000| Untracked 
|  29|0x0000000083900000, 0x0000000083900000, 0x0000000083a00000|  0%| F|  |TAMS 0x0000000083900000, 0x0000000083900000| Untracked 
|  30|0x0000000083a00000, 0x0000000083a00000, 0x0000000083b00000|  0%| F|  |TAMS 0x0000000083a00000, 0x0000000083a00000| Untracked 
|  31|0x0000000083b00000, 0x0000000083b00000, 0x0000000083c00000|  0%| F|  |TAMS 0x0000000083b00000, 0x0000000083b00000| Untracked 
|  32|0x0000000083c00000, 0x0000000083c00000, 0x0000000083d00000|  0%| F|  |TAMS 0x0000000083c00000, 0x0000000083c00000| Untracked 
|  33|0x0000000083d00000, 0x0000000083d00000, 0x0000000083e00000|  0%| F|  |TAMS 0x0000000083d00000, 0x0000000083d00000| Untracked 
|  34|0x0000000083e00000, 0x0000000083e00000, 0x0000000083f00000|  0%| F|  |TAMS 0x0000000083e00000, 0x0000000083e00000| Untracked 
|  35|0x0000000083f00000, 0x0000000083f00000, 0x0000000084000000|  0%| F|  |TAMS 0x0000000083f00000, 0x0000000083f00000| Untracked 
|  36|0x0000000084000000, 0x0000000084000000, 0x0000000084100000|  0%| F|  |TAMS 0x0000000084000000, 0x0000000084000000| Untracked 
|  37|0x0000000084100000, 0x0000000084100000, 0x0000000084200000|  0%| F|  |TAMS 0x0000000084100000, 0x0000000084100000| Untracked 
|  38|0x0000000084200000, 0x0000000084200000, 0x0000000084300000|  0%| F|  |TAMS 0x0000000084200000, 0x0000000084200000| Untracked 
|  39|0x0000000084300000, 0x0000000084300000, 0x0000000084400000|  0%| F|  |TAMS 0x0000000084300000, 0x0000000084300000| Untracked 
|  40|0x0000000084400000, 0x0000000084400000, 0x0000000084500000|  0%| F|  |TAMS 0x0000000084400000, 0x0000000084400000| Untracked 
|  41|0x0000000084500000, 0x0000000084500000, 0x0000000084600000|  0%| F|  |TAMS 0x0000000084500000, 0x0000000084500000| Untracked 
|  42|0x0000000084600000, 0x0000000084600000, 0x0000000084700000|  0%| F|  |TAMS 0x0000000084600000, 0x0000000084600000| Untracked 
|  43|0x0000000084700000, 0x0000000084700000, 0x0000000084800000|  0%| F|  |TAMS 0x0000000084700000, 0x0000000084700000| Untracked 
|  44|0x0000000084800000, 0x0000000084800000, 0x0000000084900000|  0%| F|  |TAMS 0x0000000084800000, 0x0000000084800000| Untracked 
|  45|0x0000000084900000, 0x0000000084900000, 0x0000000084a00000|  0%| F|  |TAMS 0x0000000084900000, 0x0000000084900000| Untracked 
|  46|0x0000000084a00000, 0x0000000084a00000, 0x0000000084b00000|  0%| F|  |TAMS 0x0000000084a00000, 0x0000000084a00000| Untracked 
|  47|0x0000000084b00000, 0x0000000084b00000, 0x0000000084c00000|  0%| F|  |TAMS 0x0000000084b00000, 0x0000000084b00000| Untracked 
|  48|0x0000000084c00000, 0x0000000084c00000, 0x0000000084d00000|  0%| F|  |TAMS 0x0000000084c00000, 0x0000000084c00000| Untracked 
|  49|0x0000000084d00000, 0x0000000084d00000, 0x0000000084e00000|  0%| F|  |TAMS 0x0000000084d00000, 0x0000000084d00000| Untracked 
|  50|0x0000000084e00000, 0x0000000084e00000, 0x0000000084f00000|  0%| F|  |TAMS 0x0000000084e00000, 0x0000000084e00000| Untracked 
|  51|0x0000000084f00000, 0x0000000084f00000, 0x0000000085000000|  0%| F|  |TAMS 0x0000000084f00000, 0x0000000084f00000| Untracked 
|  52|0x0000000085000000, 0x0000000085000000, 0x0000000085100000|  0%| F|  |TAMS 0x0000000085000000, 0x0000000085000000| Untracked 
|  53|0x0000000085100000, 0x0000000085100000, 0x0000000085200000|  0%| F|  |TAMS 0x0000000085100000, 0x0000000085100000| Untracked 
|  54|0x0000000085200000, 0x0000000085300000, 0x0000000085300000|100%| S|CS|TAMS 0x0000000085200000, 0x0000000085200000| Complete 
|  55|0x0000000085300000, 0x0000000085400000, 0x0000000085400000|100%| S|CS|TAMS 0x0000000085300000, 0x0000000085300000| Complete 
|  56|0x0000000085400000, 0x0000000085500000, 0x0000000085500000|100%| S|CS|TAMS 0x0000000085400000, 0x0000000085400000| Complete 
|  57|0x0000000085500000, 0x0000000085500000, 0x0000000085600000|  0%| F|  |TAMS 0x0000000085500000, 0x0000000085500000| Untracked 
|  58|0x0000000085600000, 0x0000000085600000, 0x0000000085700000|  0%| F|  |TAMS 0x0000000085600000, 0x0000000085600000| Untracked 
|  59|0x0000000085700000, 0x0000000085700000, 0x0000000085800000|  0%| F|  |TAMS 0x0000000085700000, 0x0000000085700000| Untracked 
|  60|0x0000000085800000, 0x0000000085800000, 0x0000000085900000|  0%| F|  |TAMS 0x0000000085800000, 0x0000000085800000| Untracked 
|  61|0x0000000085900000, 0x0000000085900000, 0x0000000085a00000|  0%| F|  |TAMS 0x0000000085900000, 0x0000000085900000| Untracked 
|  62|0x0000000085a00000, 0x0000000085a00000, 0x0000000085b00000|  0%| F|  |TAMS 0x0000000085a00000, 0x0000000085a00000| Untracked 
|  63|0x0000000085b00000, 0x0000000085b00000, 0x0000000085c00000|  0%| F|  |TAMS 0x0000000085b00000, 0x0000000085b00000| Untracked 
|  64|0x0000000085c00000, 0x0000000085c00000, 0x0000000085d00000|  0%| F|  |TAMS 0x0000000085c00000, 0x0000000085c00000| Untracked 
|  65|0x0000000085d00000, 0x0000000085d00000, 0x0000000085e00000|  0%| F|  |TAMS 0x0000000085d00000, 0x0000000085d00000| Untracked 
|  66|0x0000000085e00000, 0x0000000085e00000, 0x0000000085f00000|  0%| F|  |TAMS 0x0000000085e00000, 0x0000000085e00000| Untracked 
|  67|0x0000000085f00000, 0x0000000085f00000, 0x0000000086000000|  0%| F|  |TAMS 0x0000000085f00000, 0x0000000085f00000| Untracked 
|  68|0x0000000086000000, 0x0000000086000000, 0x0000000086100000|  0%| F|  |TAMS 0x0000000086000000, 0x0000000086000000| Untracked 
|  69|0x0000000086100000, 0x0000000086100000, 0x0000000086200000|  0%| F|  |TAMS 0x0000000086100000, 0x0000000086100000| Untracked 
|  70|0x0000000086200000, 0x0000000086200000, 0x0000000086300000|  0%| F|  |TAMS 0x0000000086200000, 0x0000000086200000| Untracked 
|  71|0x0000000086300000, 0x0000000086300000, 0x0000000086400000|  0%| F|  |TAMS 0x0000000086300000, 0x0000000086300000| Untracked 
|  72|0x0000000086400000, 0x0000000086500000, 0x0000000086500000|100%| E|  |TAMS 0x0000000086400000, 0x0000000086400000| Complete 
| 127|0x0000000089b00000, 0x0000000089c00000, 0x0000000089c00000|100%| E|CS|TAMS 0x0000000089b00000, 0x0000000089b00000| Complete 

Card table byte_map: [0x000001a634810000,0x000001a634c10000] _byte_map_base: 0x000001a634402000

Marking Bits (Prev, Next): (CMBitMap*) 0x000001a61cf4d330, (CMBitMap*) 0x000001a61cf4d2f0
 Prev Bits: [0x000001a636fa0000, 0x000001a638f30000)
 Next Bits: [0x000001a635010000, 0x000001a636fa0000)

Polling page: 0x000001a61c6b0000

Metaspace:

Usage:
  Non-class:     51.16 MB used.
      Class:      7.59 MB used.
       Both:     58.75 MB used.

Virtual space:
  Non-class space:       64.00 MB reserved,      51.50 MB ( 80%) committed,  1 nodes.
      Class space:        1.00 GB reserved,       7.88 MB ( <1%) committed,  1 nodes.
             Both:        1.06 GB reserved,      59.38 MB (  5%) committed. 

Chunk freelists:
   Non-Class:  3.77 MB
       Class:  78.00 KB
        Both:  3.84 MB

MaxMetaspaceSize: unlimited
CompressedClassSpaceSize: 1.00 GB
Initial GC threshold: 21.00 MB
Current GC threshold: 99.00 MB
CDS: on
MetaspaceReclaimPolicy: balanced
 - commit_granule_bytes: 65536.
 - commit_granule_words: 8192.
 - virtual_space_node_default_size: 8388608.
 - enlarge_chunks_in_place: 1.
 - new_chunks_are_fully_committed: 0.
 - uncommit_free_chunks: 1.
 - use_allocation_guard: 0.


Internal statistics:

num_allocs_failed_limit: 12.
num_arena_births: 880.
num_arena_deaths: 0.
num_vsnodes_births: 2.
num_vsnodes_deaths: 0.
num_space_committed: 950.
num_space_uncommitted: 0.
num_chunks_returned_to_freelist: 12.
num_chunks_taken_from_freelist: 3000.
num_chunk_merges: 12.
num_chunk_splits: 2230.
num_chunks_enlarged: 1822.
num_inconsistent_stats: 0.

CodeHeap 'non-profiled nmethods': size=120000Kb used=3196Kb max_used=3196Kb free=116803Kb
 bounds [0x000001a62cba0000, 0x000001a62cec0000, 0x000001a6340d0000]
CodeHeap 'profiled nmethods': size=120000Kb used=9837Kb max_used=10452Kb free=110162Kb
 bounds [0x000001a6250d0000, 0x000001a625b10000, 0x000001a62c600000]
CodeHeap 'non-nmethods': size=5760Kb used=1434Kb max_used=1476Kb free=4325Kb
 bounds [0x000001a62c600000, 0x000001a62c870000, 0x000001a62cba0000]
 total_blobs=5532 nmethods=4840 adapters=602
 compilation: enabled
              stopped_count=0, restarted_count=0
 full_count=0

Compilation events (20 events):
Event: 6.369 Thread 0x000001a63b99c870 5619  s!   3       org.aspectj.weaver.ReferenceType::addDependentType (36 bytes)
Event: 6.370 Thread 0x000001a63b99c870 nmethod 5619 0x000001a6250e2d10 code [0x000001a6250e2f00, 0x000001a6250e3568]
Event: 6.370 Thread 0x000001a63b99c870 5620       3       org.aspectj.weaver.TypeVariable::<init> (32 bytes)
Event: 6.370 Thread 0x000001a63b99c870 nmethod 5620 0x000001a6250e2710 code [0x000001a6250e28c0, 0x000001a6250e2af8]
Event: 6.370 Thread 0x000001a63b99c870 5621       3       org.aspectj.weaver.TypeVariable::setSuperclass (11 bytes)
Event: 6.370 Thread 0x000001a63b99c870 nmethod 5621 0x000001a6250db910 code [0x000001a6250dbaa0, 0x000001a6250dbc18]
Event: 6.370 Thread 0x000001a63b99c870 5622       3       org.aspectj.weaver.TypeVariable::setDeclaringElement (26 bytes)
Event: 6.370 Thread 0x000001a63b99c870 nmethod 5622 0x000001a625246010 code [0x000001a6252461c0, 0x000001a6252464b8]
Event: 6.371 Thread 0x000001a63b99c870 5623       3       java.lang.NoSuchMethodException::<init> (6 bytes)
Event: 6.371 Thread 0x000001a63b99c870 nmethod 5623 0x000001a625245b90 code [0x000001a625245d40, 0x000001a625245f28]
Event: 6.371 Thread 0x000001a63b99c870 5624       3       org.springframework.util.ReflectionUtils::makeAccessible (36 bytes)
Event: 6.372 Thread 0x000001a63b99c870 nmethod 5624 0x000001a625244f10 code [0x000001a625245120, 0x000001a625245918]
Event: 6.372 Thread 0x000001a63b99c870 5625       3       java.lang.invoke.MethodHandles$Lookup::getDirectMethod (18 bytes)
Event: 6.372 Thread 0x000001a63b99c870 nmethod 5625 0x000001a625244b10 code [0x000001a625244cc0, 0x000001a625244e08]
Event: 6.385 Thread 0x000001a63b99c870 5627       3       org.springframework.core.convert.support.GenericConversionService$ConverterAdapter::<init> (41 bytes)
Event: 6.386 Thread 0x000001a63b99c870 nmethod 5627 0x000001a625243910 code [0x000001a625243b60, 0x000001a625244758]
Event: 6.386 Thread 0x000001a63b99c870 5628       3       org.springframework.core.convert.support.GenericConversionService$ConverterAdapter::getConvertibleTypes (8 bytes)
Event: 6.386 Thread 0x000001a63b99c870 nmethod 5628 0x000001a625243210 code [0x000001a6252433e0, 0x000001a625243778]
Event: 6.412 Thread 0x000001a63b99c870 5629       3       sun.invoke.util.VerifyType::isNullType (18 bytes)
Event: 6.412 Thread 0x000001a63b99c870 nmethod 5629 0x000001a625242d10 code [0x000001a625242ec0, 0x000001a625243098]

GC Heap History (20 events):
Event: 3.114 GC heap before
{Heap before GC invocations=4 (full 0):
 garbage-first heap   total 51200K, used 37571K [0x0000000081c00000, 0x0000000100000000)
  region size 1024K, 30 young (30720K), 7 survivors (7168K)
 Metaspace       used 24475K, committed 24896K, reserved 1114112K
  class space    used 2954K, committed 3136K, reserved 1048576K
}
Event: 3.122 GC heap after
{Heap after GC invocations=5 (full 0):
 garbage-first heap   total 51200K, used 15933K [0x0000000081c00000, 0x0000000100000000)
  region size 1024K, 3 young (3072K), 3 survivors (3072K)
 Metaspace       used 24475K, committed 24896K, reserved 1114112K
  class space    used 2954K, committed 3136K, reserved 1048576K
}
Event: 3.138 GC heap before
{Heap before GC invocations=5 (full 0):
 garbage-first heap   total 51200K, used 16957K [0x0000000081c00000, 0x0000000100000000)
  region size 1024K, 4 young (4096K), 3 survivors (3072K)
 Metaspace       used 24532K, committed 24960K, reserved 1114112K
  class space    used 2963K, committed 3200K, reserved 1048576K
}
Event: 3.141 GC heap after
{Heap after GC invocations=6 (full 0):
 garbage-first heap   total 51200K, used 16444K [0x0000000081c00000, 0x0000000100000000)
  region size 1024K, 1 young (1024K), 1 survivors (1024K)
 Metaspace       used 24532K, committed 24960K, reserved 1114112K
  class space    used 2963K, committed 3200K, reserved 1048576K
}
Event: 3.602 GC heap before
{Heap before GC invocations=6 (full 0):
 garbage-first heap   total 51200K, used 34876K [0x0000000081c00000, 0x0000000100000000)
  region size 1024K, 20 young (20480K), 1 survivors (1024K)
 Metaspace       used 29008K, committed 29440K, reserved 1114112K
  class space    used 3509K, committed 3712K, reserved 1048576K
}
Event: 3.605 GC heap after
{Heap after GC invocations=7 (full 0):
 garbage-first heap   total 51200K, used 17853K [0x0000000081c00000, 0x0000000100000000)
  region size 1024K, 2 young (2048K), 2 survivors (2048K)
 Metaspace       used 29008K, committed 29440K, reserved 1114112K
  class space    used 3509K, committed 3712K, reserved 1048576K
}
Event: 3.988 GC heap before
{Heap before GC invocations=7 (full 0):
 garbage-first heap   total 51200K, used 37309K [0x0000000081c00000, 0x0000000100000000)
  region size 1024K, 21 young (21504K), 2 survivors (2048K)
 Metaspace       used 31790K, committed 32320K, reserved 1114112K
  class space    used 3850K, committed 4096K, reserved 1048576K
}
Event: 3.992 GC heap after
{Heap after GC invocations=8 (full 0):
 garbage-first heap   total 51200K, used 19408K [0x0000000081c00000, 0x0000000100000000)
  region size 1024K, 2 young (2048K), 2 survivors (2048K)
 Metaspace       used 31790K, committed 32320K, reserved 1114112K
  class space    used 3850K, committed 4096K, reserved 1048576K
}
Event: 4.354 GC heap before
{Heap before GC invocations=8 (full 0):
 garbage-first heap   total 51200K, used 37840K [0x0000000081c00000, 0x0000000100000000)
  region size 1024K, 20 young (20480K), 2 survivors (2048K)
 Metaspace       used 33436K, committed 33984K, reserved 1114112K
  class space    used 4087K, committed 4352K, reserved 1048576K
}
Event: 4.358 GC heap after
{Heap after GC invocations=9 (full 0):
 garbage-first heap   total 51200K, used 20462K [0x0000000081c00000, 0x0000000100000000)
  region size 1024K, 3 young (3072K), 3 survivors (3072K)
 Metaspace       used 33436K, committed 33984K, reserved 1114112K
  class space    used 4087K, committed 4352K, reserved 1048576K
}
Event: 4.608 GC heap before
{Heap before GC invocations=9 (full 0):
 garbage-first heap   total 51200K, used 32750K [0x0000000081c00000, 0x0000000100000000)
  region size 1024K, 16 young (16384K), 3 survivors (3072K)
 Metaspace       used 35429K, committed 35968K, reserved 1114112K
  class space    used 4341K, committed 4608K, reserved 1048576K
}
Event: 4.611 GC heap after
{Heap after GC invocations=10 (full 0):
 garbage-first heap   total 78848K, used 21126K [0x0000000081c00000, 0x0000000100000000)
  region size 1024K, 2 young (2048K), 2 survivors (2048K)
 Metaspace       used 35429K, committed 35968K, reserved 1114112K
  class space    used 4341K, committed 4608K, reserved 1048576K
}
Event: 5.530 GC heap before
{Heap before GC invocations=11 (full 0):
 garbage-first heap   total 75776K, used 61062K [0x0000000081c00000, 0x0000000100000000)
  region size 1024K, 41 young (41984K), 2 survivors (2048K)
 Metaspace       used 46602K, committed 47232K, reserved 1114112K
  class space    used 5866K, committed 6144K, reserved 1048576K
}
Event: 5.534 GC heap after
{Heap after GC invocations=12 (full 0):
 garbage-first heap   total 75776K, used 24284K [0x0000000081c00000, 0x0000000100000000)
  region size 1024K, 5 young (5120K), 5 survivors (5120K)
 Metaspace       used 46602K, committed 47232K, reserved 1114112K
  class space    used 5866K, committed 6144K, reserved 1048576K
}
Event: 5.544 GC heap before
{Heap before GC invocations=12 (full 0):
 garbage-first heap   total 75776K, used 25308K [0x0000000081c00000, 0x0000000100000000)
  region size 1024K, 6 young (6144K), 5 survivors (5120K)
 Metaspace       used 46778K, committed 47360K, reserved 1114112K
  class space    used 5884K, committed 6144K, reserved 1048576K
}
Event: 5.548 GC heap after
{Heap after GC invocations=13 (full 0):
 garbage-first heap   total 75776K, used 24569K [0x0000000081c00000, 0x0000000100000000)
  region size 1024K, 1 young (1024K), 1 survivors (1024K)
 Metaspace       used 46778K, committed 47360K, reserved 1114112K
  class space    used 5884K, committed 6144K, reserved 1048576K
}
Event: 6.132 GC heap before
{Heap before GC invocations=13 (full 0):
 garbage-first heap   total 75776K, used 56313K [0x0000000081c00000, 0x0000000100000000)
  region size 1024K, 33 young (33792K), 1 survivors (1024K)
 Metaspace       used 57114K, committed 57728K, reserved 1114112K
  class space    used 7458K, committed 7744K, reserved 1048576K
}
Event: 6.134 GC heap after
{Heap after GC invocations=14 (full 0):
 garbage-first heap   total 75776K, used 25359K [0x0000000081c00000, 0x0000000100000000)
  region size 1024K, 2 young (2048K), 2 survivors (2048K)
 Metaspace       used 57114K, committed 57728K, reserved 1114112K
  class space    used 7458K, committed 7744K, reserved 1048576K
}
Event: 6.413 GC heap before
{Heap before GC invocations=14 (full 0):
 garbage-first heap   total 75776K, used 41743K [0x0000000081c00000, 0x0000000100000000)
  region size 1024K, 19 young (19456K), 2 survivors (2048K)
 Metaspace       used 59813K, committed 60416K, reserved 1114112K
  class space    used 7728K, committed 8000K, reserved 1048576K
}
Event: 6.417 GC heap after
{Heap after GC invocations=15 (full 0):
 garbage-first heap   total 75776K, used 26854K [0x0000000081c00000, 0x0000000100000000)
  region size 1024K, 3 young (3072K), 3 survivors (3072K)
 Metaspace       used 59813K, committed 60416K, reserved 1114112K
  class space    used 7728K, committed 8000K, reserved 1048576K
}

Dll operation events (14 events):
Event: 0.009 Loaded shared library C:\Users\user\.jdks\corretto-19.0.2\bin\java.dll
Event: 0.035 Loaded shared library C:\Users\user\.jdks\corretto-19.0.2\bin\jsvml.dll
Event: 0.184 Loaded shared library C:\Users\user\.jdks\corretto-19.0.2\bin\zip.dll
Event: 0.187 Loaded shared library C:\Users\user\.jdks\corretto-19.0.2\bin\instrument.dll
Event: 0.195 Loaded shared library C:\Users\user\.jdks\corretto-19.0.2\bin\net.dll
Event: 0.199 Loaded shared library C:\Users\user\.jdks\corretto-19.0.2\bin\nio.dll
Event: 0.205 Loaded shared library C:\Users\user\.jdks\corretto-19.0.2\bin\zip.dll
Event: 0.354 Loaded shared library C:\Program Files\JetBrains\IntelliJ IDEA Community Edition 2022.3.2\bin\breakgen64.dll
Event: 0.368 Loaded shared library C:\Users\user\.jdks\corretto-19.0.2\bin\extnet.dll
Event: 0.416 Loaded shared library C:\Users\user\.jdks\corretto-19.0.2\bin\jimage.dll
Event: 0.793 Loaded shared library C:\Users\user\.jdks\corretto-19.0.2\bin\management.dll
Event: 0.796 Loaded shared library C:\Users\user\.jdks\corretto-19.0.2\bin\management_ext.dll
Event: 1.761 Loaded shared library C:\Users\user\.jdks\corretto-19.0.2\bin\sunmscapi.dll
Event: 4.794 Loaded shared library C:\Users\user\.jdks\corretto-19.0.2\bin\verify.dll

Deoptimization events (20 events):
Event: 6.282 Thread 0x000001a63fccd820 Uncommon trap: trap_request=0xffffff45 fr.pc=0x000001a62cbb33e8 relative=0x0000000000000248
Event: 6.282 Thread 0x000001a63fccd820 Uncommon trap: reason=unstable_if action=reinterpret pc=0x000001a62cbb33e8 method=java.util.ArrayDeque.addLast(Ljava/lang/Object;)V @ 42 c2
Event: 6.282 Thread 0x000001a63fccd820 DEOPT PACKING pc=0x000001a62cbb33e8 sp=0x0000008e97dfc730
Event: 6.282 Thread 0x000001a63fccd820 DEOPT UNPACKING pc=0x000001a62c666da3 sp=0x0000008e97dfc688 mode 2
Event: 6.311 Thread 0x000001a63fccd820 Uncommon trap: trap_request=0xffffff45 fr.pc=0x000001a62cdd2f98 relative=0x0000000000000e58
Event: 6.311 Thread 0x000001a63fccd820 Uncommon trap: reason=unstable_if action=reinterpret pc=0x000001a62cdd2f98 method=java.util.concurrent.ConcurrentHashMap.putVal(Ljava/lang/Object;Ljava/lang/Object;Z)Ljava/lang/Object; @ 401 c2
Event: 6.311 Thread 0x000001a63fccd820 DEOPT PACKING pc=0x000001a62cdd2f98 sp=0x0000008e97dfc250
Event: 6.311 Thread 0x000001a63fccd820 DEOPT UNPACKING pc=0x000001a62c666da3 sp=0x0000008e97dfc1e0 mode 2
Event: 6.313 Thread 0x000001a63fccd820 Uncommon trap: trap_request=0xffffff45 fr.pc=0x000001a62cda5888 relative=0x0000000000000268
Event: 6.313 Thread 0x000001a63fccd820 Uncommon trap: reason=unstable_if action=reinterpret pc=0x000001a62cda5888 method=java.util.concurrent.ConcurrentHashMap.get(Ljava/lang/Object;)Ljava/lang/Object; @ 86 c2
Event: 6.313 Thread 0x000001a63fccd820 DEOPT PACKING pc=0x000001a62cda5888 sp=0x0000008e97dfc2f0
Event: 6.313 Thread 0x000001a63fccd820 DEOPT UNPACKING pc=0x000001a62c666da3 sp=0x0000008e97dfc258 mode 2
Event: 6.331 Thread 0x000001a63fccd820 Uncommon trap: trap_request=0xfffffff4 fr.pc=0x000001a62ce34a50 relative=0x0000000000001bb0
Event: 6.331 Thread 0x000001a63fccd820 Uncommon trap: reason=null_check action=make_not_entrant pc=0x000001a62ce34a50 method=java.lang.Class.getMethodsRecursive(Ljava/lang/String;[Ljava/lang/Class;Z)Ljava/lang/PublicMethods$MethodList; @ 26 c2
Event: 6.331 Thread 0x000001a63fccd820 DEOPT PACKING pc=0x000001a62ce34a50 sp=0x0000008e97dfc720
Event: 6.331 Thread 0x000001a63fccd820 DEOPT UNPACKING pc=0x000001a62c666da3 sp=0x0000008e97dfc708 mode 2
Event: 6.351 Thread 0x000001a63fccd820 Uncommon trap: trap_request=0xffffff45 fr.pc=0x000001a62cc58684 relative=0x0000000000000364
Event: 6.351 Thread 0x000001a63fccd820 Uncommon trap: reason=unstable_if action=reinterpret pc=0x000001a62cc58684 method=java.lang.StringUTF16.compress([CII)[B @ 13 c2
Event: 6.351 Thread 0x000001a63fccd820 DEOPT PACKING pc=0x000001a62cc58684 sp=0x0000008e97dfbb50
Event: 6.351 Thread 0x000001a63fccd820 DEOPT UNPACKING pc=0x000001a62c666da3 sp=0x0000008e97dfba90 mode 2

Classes loaded (20 events):
Event: 5.783 Loading class java/util/ArrayList$ListItr
Event: 5.783 Loading class java/util/ArrayList$ListItr done
Event: 5.857 Loading class java/util/AbstractList$SubList
Event: 5.857 Loading class java/util/AbstractList$SubList done
Event: 5.868 Loading class java/lang/reflect/AnnotatedArrayType
Event: 5.868 Loading class java/lang/reflect/AnnotatedArrayType done
Event: 5.974 Loading class java/lang/reflect/AnnotatedParameterizedType
Event: 5.974 Loading class java/lang/reflect/AnnotatedParameterizedType done
Event: 6.160 Loading class java/util/TimerTask
Event: 6.161 Loading class java/util/TimerTask done
Event: 6.229 Loading class javax/naming/Reference
Event: 6.229 Loading class javax/naming/Reference done
Event: 6.265 Loading class java/lang/SafeVarargs
Event: 6.265 Loading class java/lang/SafeVarargs done
Event: 6.266 Loading class sun/reflect/generics/reflectiveObjects/GenericArrayTypeImpl
Event: 6.266 Loading class sun/reflect/generics/reflectiveObjects/GenericArrayTypeImpl done
Event: 6.311 Loading class java/util/concurrent/ConcurrentHashMap$TreeNode
Event: 6.312 Loading class java/util/concurrent/ConcurrentHashMap$TreeNode done
Event: 6.312 Loading class java/util/concurrent/ConcurrentHashMap$TreeBin
Event: 6.312 Loading class java/util/concurrent/ConcurrentHashMap$TreeBin done

Classes unloaded (0 events):
No events

Classes redefined (0 events):
No events

Internal exceptions (20 events):
Event: 6.031 Thread 0x000001a63fccd820 Exception <a 'java/lang/NoSuchMethodError'{0x0000000084b60740}: 'java.lang.Object java.lang.invoke.Invokers$Holder.linkToTargetMethod(java.lang.Object, int, java.lang.Object, java.lang.Object)'> (0x0000000084b60740) 
thrown [s\src\hotspot\share\interpreter\linkResolver.cpp, line 774]
Event: 6.036 Thread 0x000001a63fccd820 Exception <a 'java/lang/NoSuchMethodError'{0x0000000084baf830}: 'void java.lang.invoke.DirectMethodHandle$Holder.invokeSpecial(java.lang.Object, java.lang.Object, java.lang.Object, java.lang.Object, java.lang.Object, java.lang.Object, java.lang.Object, java.lang.Object)'> (0x0000000084baf830) 
thrown [s\src\hotspot\share\interpreter\linkResolver.cpp, line 774]
Event: 6.039 Thread 0x000001a63fccd820 Exception <a 'java/lang/NoSuchMethodError'{0x0000000084bee798}: 'java.lang.Object java.lang.invoke.DirectMethodHandle$Holder.newInvokeSpecial(java.lang.Object, java.lang.Object, int)'> (0x0000000084bee798) 
thrown [s\src\hotspot\share\interpreter\linkResolver.cpp, line 774]
Event: 6.057 Thread 0x000001a63fccd820 Exception <a 'java/lang/NoSuchMethodError'{0x0000000084924340}: 'int java.lang.invoke.DirectMethodHandle$Holder.invokeStatic(java.lang.Object, int, java.lang.Object)'> (0x0000000084924340) 
thrown [s\src\hotspot\share\interpreter\linkResolver.cpp, line 774]
Event: 6.059 Thread 0x000001a63fccd820 Exception <a 'java/lang/NoSuchMethodError'{0x0000000084942158}: 'java.lang.Object java.lang.invoke.DirectMethodHandle$Holder.newInvokeSpecial(java.lang.Object, java.lang.Object, java.lang.Object, java.lang.Object, java.lang.Object, int, java.lang.Object)'> (0x0000000084942158) 
thrown [s\src\hotspot\share\interpreter\linkResolver.cpp, line 774]
Event: 6.061 Thread 0x000001a63fccd820 Exception <a 'java/lang/NoSuchMethodError'{0x00000000849763f8}: 'java.lang.Object java.lang.invoke.DirectMethodHandle$Holder.newInvokeSpecial(java.lang.Object, java.lang.Object, java.lang.Object, java.lang.Object, java.lang.Object, java.lang.Object, java.lang.Object, java.lang.Object, java.lang.Object, java.lang.Object, java.lang.Object, java.lang.Object)'> (0x00000000849763f8) 
thrown [s\src\hotspot\share\interpreter\linkResolver.cpp, line 774]
Event: 6.062 Thread 0x000001a63fccd820 Exception <a 'java/lang/NoSuchMethodError'{0x000000008497af38}: 'java.lang.Object java.lang.invoke.DirectMethodHandle$Holder.invokeSpecial(java.lang.Object, java.lang.Object, java.lang.Object, java.lang.Object, java.lang.Object, java.lang.Object, java.lang.Object, java.lang.Object, java.lang.Object, java.lang.Object, java.lang.Object, java.lang.Object, java.lang.Object)'> (0x000000008497af38) 
thrown [s\src\hotspot\share\interpreter\linkResolver.cpp, line 774]
Event: 6.062 Thread 0x000001a63fccd820 Exception <a 'java/lang/NoSuchMethodError'{0x000000008497f6a0}: 'java.lang.Object java.lang.invoke.Invokers$Holder.linkToTargetMethod(java.lang.Object, java.lang.Object, java.lang.Object, java.lang.Object, java.lang.Object, java.lang.Object, java.lang.Object, java.lang.Object, java.lang.Object, java.lang.Object, java.lang.Object, java.lang.Object)'> (0x000000008497f6a0) 
thrown [s\src\hotspot\share\interpreter\linkResolver.cpp, line 774]
Event: 6.088 Thread 0x000001a63fccd820 Exception <a 'java/lang/NoSuchMethodError'{0x000000008475dd70}: 'java.lang.Object java.lang.invoke.DirectMethodHandle$Holder.newInvokeSpecial(java.lang.Object, java.lang.Object, int, java.lang.Object, int, java.lang.Object, java.lang.Object)'> (0x000000008475dd70) 
thrown [s\src\hotspot\share\interpreter\linkResolver.cpp, line 774]
Event: 6.095 Thread 0x000001a63fccd820 Exception <a 'java/lang/NoSuchMethodError'{0x00000000847cb0b8}: 'java.lang.Object java.lang.invoke.DirectMethodHandle$Holder.newInvokeSpecial(java.lang.Object, java.lang.Object, java.lang.Object, java.lang.Object, java.lang.Object, java.lang.Object, java.lang.Object, int)'> (0x00000000847cb0b8) 
thrown [s\src\hotspot\share\interpreter\linkResolver.cpp, line 774]
Event: 6.095 Thread 0x000001a63fccd820 Exception <a 'java/lang/NoSuchMethodError'{0x00000000847d04f0}: 'java.lang.Object java.lang.invoke.DirectMethodHandle$Holder.invokeSpecial(java.lang.Object, java.lang.Object, java.lang.Object, java.lang.Object, java.lang.Object, java.lang.Object, java.lang.Object, java.lang.Object, int)'> (0x00000000847d04f0) 
thrown [s\src\hotspot\share\interpreter\linkResolver.cpp, line 774]
Event: 6.095 Thread 0x000001a63fccd820 Exception <a 'java/lang/NoSuchMethodError'{0x00000000847d4fc8}: 'java.lang.Object java.lang.invoke.Invokers$Holder.linkToTargetMethod(java.lang.Object, java.lang.Object, java.lang.Object, java.lang.Object, java.lang.Object, java.lang.Object, int, java.lang.Object)'> (0x00000000847d4fc8) 
thrown [s\src\hotspot\share\interpreter\linkResolver.cpp, line 774]
Event: 6.111 Thread 0x000001a63fccd820 Exception <a 'java/lang/NoSuchMethodError'{0x0000000084683348}: 'void java.lang.invoke.DirectMethodHandle$Holder.invokeInterface(java.lang.Object, java.lang.Object)'> (0x0000000084683348) 
thrown [s\src\hotspot\share\interpreter\linkResolver.cpp, line 774]
Event: 6.213 Thread 0x000001a63fccd820 Exception <a 'java/lang/NoSuchMethodError'{0x00000000863f7dc0}: 'java.lang.Object java.lang.invoke.DirectMethodHandle$Holder.invokeSpecial(java.lang.Object, java.lang.Object, int, java.lang.Object, int)'> (0x00000000863f7dc0) 
thrown [s\src\hotspot\share\interpreter\linkResolver.cpp, line 774]
Event: 6.237 Thread 0x000001a63fccd820 Exception <a 'java/lang/NoSuchMethodError'{0x000000008618dd98}: 'void java.lang.invoke.Invokers$Holder.invokeExact_MT(java.lang.Object, java.lang.Object, java.lang.Object, java.lang.Object)'> (0x000000008618dd98) 
thrown [s\src\hotspot\share\interpreter\linkResolver.cpp, line 774]
Event: 6.258 Thread 0x000001a63fccd820 Implicit null exception at 0x000001a62cbcb560 to 0x000001a62cbcb780
Event: 6.312 Thread 0x000001a63fccd820 Exception <a 'java/lang/IncompatibleClassChangeError'{0x0000000085b60630}: Found class java.lang.Object, but interface was expected> (0x0000000085b60630) 
thrown [s\src\hotspot\share\interpreter\linkResolver.cpp, line 841]
Event: 6.331 Thread 0x000001a63fccd820 Implicit null exception at 0x000001a62ce331a4 to 0x000001a62ce34a40
Event: 6.336 Thread 0x000001a63fccd820 Exception <a 'java/lang/IncompatibleClassChangeError'{0x00000000859fb878}: Found class java.lang.Object, but interface was expected> (0x00000000859fb878) 
thrown [s\src\hotspot\share\interpreter\linkResolver.cpp, line 841]
Event: 6.380 Thread 0x000001a63fccd820 Exception <a 'java/lang/IncompatibleClassChangeError'{0x000000008561cef8}: Found class java.lang.Object, but interface was expected> (0x000000008561cef8) 
thrown [s\src\hotspot\share\interpreter\linkResolver.cpp, line 841]

VM Operations (20 events):
Event: 4.655 Executing VM operation: HandshakeAllThreads
Event: 4.655 Executing VM operation: HandshakeAllThreads done
Event: 4.665 Executing VM operation: HandshakeAllThreads
Event: 4.665 Executing VM operation: HandshakeAllThreads done
Event: 4.682 Executing VM operation: HandshakeAllThreads
Event: 4.683 Executing VM operation: HandshakeAllThreads done
Event: 5.529 Executing VM operation: G1CollectForAllocation
Event: 5.534 Executing VM operation: G1CollectForAllocation done
Event: 5.544 Executing VM operation: G1CollectForAllocation
Event: 5.548 Executing VM operation: G1CollectForAllocation done
Event: 5.784 Executing VM operation: HandshakeAllThreads
Event: 5.784 Executing VM operation: HandshakeAllThreads done
Event: 5.975 Executing VM operation: ICBufferFull
Event: 5.975 Executing VM operation: ICBufferFull done
Event: 6.132 Executing VM operation: G1CollectForAllocation
Event: 6.134 Executing VM operation: G1CollectForAllocation done
Event: 6.353 Executing VM operation: ICBufferFull
Event: 6.353 Executing VM operation: ICBufferFull done
Event: 6.413 Executing VM operation: CollectForMetadataAllocation
Event: 6.417 Executing VM operation: CollectForMetadataAllocation done

Events (20 events):
Event: 4.688 Thread 0x000001a63b99e780 flushing nmethod 0x000001a6258f5f90
Event: 4.688 Thread 0x000001a63b99e780 flushing nmethod 0x000001a62590eb10
Event: 4.688 Thread 0x000001a63b99e780 flushing nmethod 0x000001a625938b90
Event: 4.689 Thread 0x000001a63b99e780 flushing nmethod 0x000001a625955f90
Event: 4.689 Thread 0x000001a63b99e780 flushing nmethod 0x000001a62597ac10
Event: 4.689 Thread 0x000001a63b99e780 flushing nmethod 0x000001a6259ba410
Event: 4.689 Thread 0x000001a63b99e780 flushing nmethod 0x000001a6259bc110
Event: 4.689 Thread 0x000001a63b99e780 flushing nmethod 0x000001a6259da810
Event: 4.689 Thread 0x000001a63b99e780 flushing nmethod 0x000001a6259e0290
Event: 4.689 Thread 0x000001a63b99e780 flushing nmethod 0x000001a6259e1290
Event: 4.689 Thread 0x000001a63b99e780 flushing nmethod 0x000001a6259e3610
Event: 4.689 Thread 0x000001a63b99e780 flushing nmethod 0x000001a625a2ee10
Event: 4.689 Thread 0x000001a63b99e780 flushing nmethod 0x000001a625a37290
Event: 4.689 Thread 0x000001a63b99e780 flushing nmethod 0x000001a625a8a390
Event: 5.242 Thread 0x000001a64219d020 Thread added: 0x000001a64219d020
Event: 5.344 Thread 0x000001a64219d570 Thread added: 0x000001a64219d570
Event: 5.762 Thread 0x000001a63b99ce00 Thread exited: 0x000001a63b99ce00
Event: 5.766 Thread 0x000001a63b99b230 Thread exited: 0x000001a63b99b230
Event: 5.959 Thread 0x000001a63b99b7c0 Thread added: 0x000001a63b99b7c0
Event: 6.274 Thread 0x000001a63b99ce00 Thread added: 0x000001a63b99ce00


Dynamic libraries:
0x00007ff791330000 - 0x00007ff79133d000 	C:\Users\user\.jdks\corretto-19.0.2\bin\java.exe
0x00007ff8d80d0000 - 0x00007ff8d82c8000 	C:\Windows\SYSTEM32\ntdll.dll
0x00007ff8d6590000 - 0x00007ff8d664d000 	C:\Windows\System32\KERNEL32.DLL
0x00007ff8d5d00000 - 0x00007ff8d5ff6000 	C:\Windows\System32\KERNELBASE.dll
0x00007ff8d6000000 - 0x00007ff8d6100000 	C:\Windows\System32\ucrtbase.dll
0x00007ff8a74d0000 - 0x00007ff8a74e7000 	C:\Users\user\.jdks\corretto-19.0.2\bin\jli.dll
0x00007ff8d61a0000 - 0x00007ff8d633e000 	C:\Windows\System32\USER32.dll
0x00007ff8d5c20000 - 0x00007ff8d5c42000 	C:\Windows\System32\win32u.dll
0x00007ff8d6470000 - 0x00007ff8d649b000 	C:\Windows\System32\GDI32.dll
0x00007ff8d5860000 - 0x00007ff8d5977000 	C:\Windows\System32\gdi32full.dll
0x00007ff8d5980000 - 0x00007ff8d5a1d000 	C:\Windows\System32\msvcp_win.dll
0x00007ff8a5570000 - 0x00007ff8a5585000 	C:\Users\user\.jdks\corretto-19.0.2\bin\VCRUNTIME140.dll
0x00007ff8bddd0000 - 0x00007ff8be06a000 	C:\Windows\WinSxS\amd64_microsoft.windows.common-controls_6595b64144ccf1df_6.0.19041.3636_none_60b6a03d71f818d5\COMCTL32.dll
0x00007ff8d7b40000 - 0x00007ff8d7bde000 	C:\Windows\System32\msvcrt.dll
0x00007ff8d7b00000 - 0x00007ff8d7b32000 	C:\Windows\System32\IMM32.DLL
0x00007ff8857b0000 - 0x00007ff88584b000 	C:\Users\user\.jdks\corretto-19.0.2\bin\msvcp140.dll
0x00007ff843110000 - 0x00007ff843de9000 	C:\Users\user\.jdks\corretto-19.0.2\bin\server\jvm.dll
0x00007ff8d79e0000 - 0x00007ff8d7a90000 	C:\Windows\System32\ADVAPI32.dll
0x00007ff8d6100000 - 0x00007ff8d61a0000 	C:\Windows\System32\sechost.dll
0x00007ff8d6340000 - 0x00007ff8d6465000 	C:\Windows\System32\RPCRT4.dll
0x00007ff8d5a20000 - 0x00007ff8d5a47000 	C:\Windows\System32\bcrypt.dll
0x00007ff8c7fc0000 - 0x00007ff8c7fe7000 	C:\Windows\SYSTEM32\WINMM.dll
0x00007ff8cf400000 - 0x00007ff8cf40a000 	C:\Windows\SYSTEM32\VERSION.dll
0x00007ff884cf0000 - 0x00007ff884cf9000 	C:\Windows\SYSTEM32\WSOCK32.dll
0x00007ff8d69b0000 - 0x00007ff8d6a1b000 	C:\Windows\System32\WS2_32.dll
0x00007ff8d3630000 - 0x00007ff8d3642000 	C:\Windows\SYSTEM32\kernel.appcore.dll
0x00007ff8aa610000 - 0x00007ff8aa61a000 	C:\Users\user\.jdks\corretto-19.0.2\bin\jimage.dll
0x00007ff8c5b00000 - 0x00007ff8c5ce4000 	C:\Windows\SYSTEM32\DBGHELP.DLL
0x00007ff8a64b0000 - 0x00007ff8a64e4000 	C:\Windows\SYSTEM32\dbgcore.DLL
0x00007ff8d5780000 - 0x00007ff8d5802000 	C:\Windows\System32\bcryptPrimitives.dll
0x00007ff8d0a50000 - 0x00007ff8d0a5e000 	C:\Users\user\.jdks\corretto-19.0.2\bin\instrument.dll
0x00007ff8a24e0000 - 0x00007ff8a2506000 	C:\Users\user\.jdks\corretto-19.0.2\bin\java.dll
0x00007ff8856d0000 - 0x00007ff8857a6000 	C:\Users\user\.jdks\corretto-19.0.2\bin\jsvml.dll
0x00007ff8d7260000 - 0x00007ff8d79cb000 	C:\Windows\System32\SHELL32.dll
0x00007ff8d3830000 - 0x00007ff8d3fce000 	C:\Windows\SYSTEM32\windows.storage.dll
0x00007ff8d6650000 - 0x00007ff8d69a3000 	C:\Windows\System32\combase.dll
0x00007ff8d51b0000 - 0x00007ff8d51de000 	C:\Windows\SYSTEM32\Wldp.dll
0x00007ff8d6bb0000 - 0x00007ff8d6c7d000 	C:\Windows\System32\OLEAUT32.dll
0x00007ff8d7d10000 - 0x00007ff8d7dbd000 	C:\Windows\System32\SHCORE.dll
0x00007ff8d6b50000 - 0x00007ff8d6ba5000 	C:\Windows\System32\shlwapi.dll
0x00007ff8d56b0000 - 0x00007ff8d56d5000 	C:\Windows\SYSTEM32\profapi.dll
0x00007ff8a2070000 - 0x00007ff8a2088000 	C:\Users\user\.jdks\corretto-19.0.2\bin\zip.dll
0x00007ff8a21e0000 - 0x00007ff8a21f3000 	C:\Users\user\.jdks\corretto-19.0.2\bin\net.dll
0x00007ff8cd900000 - 0x00007ff8cda0a000 	C:\Windows\SYSTEM32\WINHTTP.dll
0x00007ff8d4f10000 - 0x00007ff8d4f7a000 	C:\Windows\system32\mswsock.dll
0x00007ff8a2090000 - 0x00007ff8a20a5000 	C:\Users\user\.jdks\corretto-19.0.2\bin\nio.dll
0x00007ff89bd50000 - 0x00007ff89bd6a000 	C:\Program Files\JetBrains\IntelliJ IDEA Community Edition 2022.3.2\bin\breakgen64.dll
0x00007ff8d0270000 - 0x00007ff8d0278000 	C:\Users\user\.jdks\corretto-19.0.2\bin\extnet.dll
0x00007ff8a6f90000 - 0x00007ff8a6f99000 	C:\Users\user\.jdks\corretto-19.0.2\bin\management.dll
0x00007ff8a24d0000 - 0x00007ff8a24db000 	C:\Users\user\.jdks\corretto-19.0.2\bin\management_ext.dll
0x00007ff8d79d0000 - 0x00007ff8d79d8000 	C:\Windows\System32\PSAPI.DLL
0x00007ff8a24b0000 - 0x00007ff8a24be000 	C:\Users\user\.jdks\corretto-19.0.2\bin\sunmscapi.dll
0x00007ff8d5ac0000 - 0x00007ff8d5c1d000 	C:\Windows\System32\CRYPT32.dll
0x00007ff8d5220000 - 0x00007ff8d5248000 	C:\Windows\SYSTEM32\ncrypt.dll
0x00007ff8d51e0000 - 0x00007ff8d521b000 	C:\Windows\SYSTEM32\NTASN1.dll
0x00007ff8d5110000 - 0x00007ff8d5128000 	C:\Windows\SYSTEM32\CRYPTSP.dll
0x00007ff8d47d0000 - 0x00007ff8d4804000 	C:\Windows\system32\rsaenh.dll
0x00007ff8d5630000 - 0x00007ff8d565e000 	C:\Windows\SYSTEM32\USERENV.dll
0x00007ff8d5100000 - 0x00007ff8d510c000 	C:\Windows\SYSTEM32\CRYPTBASE.dll
0x00007ff8d4bb0000 - 0x00007ff8d4beb000 	C:\Windows\SYSTEM32\IPHLPAPI.DLL
0x00007ff8d7af0000 - 0x00007ff8d7af8000 	C:\Windows\System32\NSI.dll
0x00007ff8cdef0000 - 0x00007ff8cdf07000 	C:\Windows\SYSTEM32\dhcpcsvc6.DLL
0x00007ff8ce880000 - 0x00007ff8ce89d000 	C:\Windows\SYSTEM32\dhcpcsvc.DLL
0x00007ff8d4bf0000 - 0x00007ff8d4cbb000 	C:\Windows\SYSTEM32\DNSAPI.dll
0x00007ff8a5bf0000 - 0x00007ff8a5c00000 	C:\Users\user\.jdks\corretto-19.0.2\bin\verify.dll
0x00007ff8c9f50000 - 0x00007ff8c9f5a000 	C:\Windows\System32\rasadhlp.dll
0x00007ff8cb3d0000 - 0x00007ff8cb450000 	C:\Windows\System32\fwpuclnt.dll

dbghelp: loaded successfully - version: 4.0.5 - missing functions: none
symbol engine: initialized successfully - sym options: 0x614 - pdb path: .;C:\Users\user\.jdks\corretto-19.0.2\bin;C:\Windows\SYSTEM32;C:\Windows\WinSxS\amd64_microsoft.windows.common-controls_6595b64144ccf1df_6.0.19041.3636_none_60b6a03d71f818d5;C:\Users\user\.jdks\corretto-19.0.2\bin\server;C:\Program Files\JetBrains\IntelliJ IDEA Community Edition 2022.3.2\bin

VM Arguments:
jvm_args: -javaagent:C:\Program Files\JetBrains\IntelliJ IDEA Community Edition 2022.3.2\lib\idea_rt.jar=51941:C:\Program Files\JetBrains\IntelliJ IDEA Community Edition 2022.3.2\bin -Dfile.encoding=UTF-8 -Dsun.stdout.encoding=UTF-8 -Dsun.stderr.encoding=UTF-8 
java_command: com.example.recettes.RecettesApplication
java_class_path (initial): C:\recettes\target\classes;C:\Users\user\.m2\repository\org\springframework\boot\spring-boot-starter-data-jpa\3.2.4\spring-boot-starter-data-jpa-3.2.4.jar;C:\Users\user\.m2\repository\org\springframework\boot\spring-boot-starter-aop\3.2.4\spring-boot-starter-aop-3.2.4.jar;C:\Users\user\.m2\repository\org\springframework\spring-aop\6.1.5\spring-aop-6.1.5.jar;C:\Users\user\.m2\repository\org\aspectj\aspectjweaver\1.9.21\aspectjweaver-1.9.21.jar;C:\Users\user\.m2\repository\org\springframework\boot\spring-boot-starter-jdbc\3.2.4\spring-boot-starter-jdbc-3.2.4.jar;C:\Users\user\.m2\repository\com\zaxxer\HikariCP\5.0.1\HikariCP-5.0.1.jar;C:\Users\user\.m2\repository\org\springframework\spring-jdbc\6.1.5\spring-jdbc-6.1.5.jar;C:\Users\user\.m2\repository\org\hibernate\orm\hibernate-core\6.4.4.Final\hibernate-core-6.4.4.Final.jar;C:\Users\user\.m2\repository\jakarta\persistence\jakarta.persistence-api\3.1.0\jakarta.persistence-api-3.1.0.jar;C:\Users\user\.m2\repository\jakarta\transaction\jakarta.transaction-api\2.0.1\jakarta.transaction-api-2.0.1.jar;C:\Users\user\.m2\repository\org\jboss\logging\jboss-logging\3.5.3.Final\jboss-logging-3.5.3.Final.jar;C:\Users\user\.m2\repository\org\hibernate\common\hibernate-commons-annotations\6.0.6.Final\hibernate-commons-annotations-6.0.6.Final.jar;C:\Users\user\.m2\repository\io\smallrye\jandex\3.1.2\jandex-3.1.2.jar;C:\Users\user\.m2\repository\com\fasterxml\classmate\1.6.0\classmate-1.6.0.jar;C:\Users\user\.m2\repository\net\bytebuddy\byte-buddy\1.14.12\byte-buddy-1.14.12.jar;C:\Users\user\.m2\repository\org\glassfish\jaxb\jaxb-runtime\4.0.5\jaxb-runtime-4.0.5.jar;C:\Users\user\.m2\repository\org\glassfish\jaxb\jaxb-core\4.0.5\jaxb-core-4.0.5.jar;C:\Users\user\.m2\repository\org\eclipse\angus\angus-activation\2.0.2\angus-activation-2.0.2.jar;C:\Users\user\.m2\repository\org\glassfish\jaxb\txw2\4.0.5\txw2-4.0.5.jar;C:\Users\user\.m2\repository\com\sun\istack\istack-commons-runtime\4.1.2\istack-commons-runtime-4.1.2.jar;C:\Users\user\.m2\repository\jakarta\inject\jakarta.inject-api\2.0.1\jakarta.inject-api-2.0.1.jar;C:\Users\user\.m2\repository\org\antlr\antlr4-runtime\4.13.0\antlr4-runtime-4.13.0.jar;C:\Users\user\.m2\repository\org\springframework\data\spring-data-jpa\3.2.4\spring-data-jpa-3.2.4.jar;C:\Users\user\.m2\repository\org\springframework\data\spring-data-commons\3.2.4\spring-data-commons-3.2.4.jar;C:\Users\user\.m2\repository\org\springframework\spring-orm\6.1.5\spring-orm-6.1.5.jar;C:\Users\user\.m2\repository\org\springframework\spring-context\6.1.5\spring-context-6.1.5.jar;C:\Users\user\.m2\repository\org\springframework\spring-tx\6.1.5\spring-tx-6.1.5.jar;C:\Users\user\.m2\repository\org\springframework\spring-beans\6.1.5\spring-beans-6.1.5.jar;C:\Users\user\.m2\repository\jakarta\annotation\jakarta.annotation-api\2.1.1\jakarta.annotation-api-2.1.1.jar;C:\Users\user\.m2\repository\org\slf4j\slf4j-api\2.0.12\slf4j-api-2.0.12.jar;C:\Users\user\.m2\repository\org\springframework\spring-aspects\6.1.5\spring-aspects-6.1.5.jar;C:\Users\user\.m2\repository\org\springframework\boot\spring-boot-starter-thymeleaf\3.2.4\spring-boot-starter-thymeleaf-3.2.4.jar;C:\Users\user\.m2\repository\org\springframework\boot\spring-boot-starter\3.2.4\spring-boot-starter-3.2.4.jar;C:\Users\user\.m2\repository\org\springframework\boot\spring-boot-starter-logging\3.2.4\spring-boot-starter-logging-3.2.4.jar;C:\Users\user\.m2\repository\ch\qos\logback\logback-classic\1.4.14\logback-classic-1.4.14.jar;C:\Users\user\.m2\repository\ch\qos\logback\logback-core\1.4.14\logback-core-1.4.14.jar;C:\Users\user\.m2\repository\org\apache\logging\log4j\log4j-to-slf4j\2.21.1\log4j-to-slf4j-2.21.1.jar;C:\Users\user\.m2\repository\org\apache\logging\log4j\log4j-api\2.21.1\log4j-api-2.21.1.jar;C:\Users\user\.m2\repository\org\slf4j\jul-to-slf4j\2.0.12\jul-to-slf4j-2.0.12.jar;C:\Users\user\.m2\repository\org\yaml\snakeyaml\2.2\snakeyaml-2.2.jar;C:\Users\user\.m2\repository\org\thymeleaf\thymeleaf-spring6\3.1.2.RELEASE\thymeleaf-spring6-3.1.2.RELEASE.jar;C:\Users\user\.m2\repository\org\thymeleaf\thymeleaf\3.1.2.RELEASE\thymeleaf-3.1.2.RELEASE.jar;C:\Users\user\.m2\repository\org\attoparser\attoparser\2.0.7.RELEASE\attoparser-2.0.7.RELEASE.jar;C:\Users\user\.m2\repository\org\unbescape\unbescape\1.1.6.RELEASE\unbescape-1.1.6.RELEASE.jar;C:\Users\user\.m2\repository\org\springframework\boot\spring-boot-starter-web\3.2.4\spring-boot-starter-web-3.2.4.jar;C:\Users\user\.m2\repository\org\springframework\boot\spring-boot-starter-json\3.2.4\spring-boot-starter-json-3.2.4.jar;C:\Users\user\.m2\repository\com\fasterxml\jackson\core\jackson-databind\2.15.4\jackson-databind-2.15.4.jar;C:\Users\user\.m2\repository\com\fasterxml\jackson\core\jackson-annotations\2.15.4\jackson-annotations-2.15.4.jar;C:\Users\user\.m2\repository\com\fasterxml\jackson\core\jackson-core\2.15.4\jackson-core-2.15.4.jar;C:\Users\user\.m2\repository\com\fasterxml\jackson\datatype\jackson-datatype-jdk8\2.15.4\jackson-datatype-jdk8-2.15.4.jar;C:\Users\user\.m2\repository\com\fasterxml\jackson\datatype\jackson-datatype-jsr310\2.15.4\jackson-datatype-jsr310-2.15.4.jar;C:\Users\user\.m2\repository\com\fasterxml\jackson\module\jackson-module-parameter-names\2.15.4\jackson-module-parameter-names-2.15.4.jar;C:\Users\user\.m2\repository\org\springframework\boot\spring-boot-starter-tomcat\3.2.4\spring-boot-starter-tomcat-3.2.4.jar;C:\Users\user\.m2\repository\org\apache\tomcat\embed\tomcat-embed-websocket\10.1.19\tomcat-embed-websocket-10.1.19.jar;C:\Users\user\.m2\repository\org\springframework\spring-web\6.1.5\spring-web-6.1.5.jar;C:\Users\user\.m2\repository\org\springframework\spring-webmvc\6.1.5\spring-webmvc-6.1.5.jar;C:\Users\user\.m2\repository\org\springframework\spring-expression\6.1.5\spring-expression-6.1.5.jar;C:\Users\user\.m2\repository\com\mysql\mysql-connector-j\8.3.0\mysql-connector-j-8.3.0.jar;C:\Users\user\.m2\repository\jakarta\xml\bind\jakarta.xml.bind-api\4.0.2\jakarta.xml.bind-api-4.0.2.jar;C:\Users\user\.m2\repository\jakarta\activation\jakarta.activation-api\2.1.3\jakarta.activation-api-2.1.3.jar;C:\Users\user\.m2\repository\org\springframework\spring-core\6.1.5\spring-core-6.1.5.jar;C:\Users\user\.m2\repository\org\springframework\spring-jcl\6.1.5\spring-jcl-6.1.5.jar;C:\Users\user\.m2\repository\org\springframework\boot\spring-boot-starter-actuator\3.2.4\spring-boot-starter-actuator-3.2.4.jar;C:\Users\user\.m2\repository\org\springframework\boot\spring-boot-actuator-autoconfigure\3.2.4\spring-boot-actuator-autoconfigure-3.2.4.jar;C:\Users\user\.m2\repository\org\springframework\boot\spring-boot-actuator\3.2.4\spring-boot-actuator-3.2.4.jar;C:\Users\user\.m2\repository\io\micrometer\micrometer-observation\1.12.4\micrometer-observation-1.12.4.jar;C:\Users\user\.m2\repository\io\micrometer\micrometer-commons\1.12.4\micrometer-commons-1.12.4.jar;C:\Users\user\.m2\repository\io\micrometer\micrometer-jakarta9\1.12.4\micrometer-jakarta9-1.12.4.jar;C:\Users\user\.m2\repository\io\micrometer\micrometer-core\1.12.4\micrometer-core-1.12.4.jar;C:\Users\user\.m2\repository\org\hdrhistogram\HdrHistogram\2.1.12\HdrHistogram-2.1.12.jar;C:\Users\user\.m2\repository\org\latencyutils\LatencyUtils\2.0.3\LatencyUtils-2.0.3.jar;C:\Users\user\.m2\repository\org\springframework\boot\spring-boot-devtools\3.2.4\spring-boot-devtools-3.2.4.jar;C:\Users\user\.m2\repository\org\springframework\boot\spring-boot\3.2.4\spring-boot-3.2.4.jar;C:\Users\user\.m2\repository\org\springframework\boot\spring-boot-autoconfigure\3.2.4\spring-boot-autoconfigure-3.2.4.jar;C:\Users\user\.m2\repository\org\apache\tomcat\embed\tomcat-embed-core\10.1.19\tomcat-embed-core-10.1.19.jar;C:\Users\user\.m2\repository\org\apache\tomcat\tomcat-annotations-api\10.1.19\tomcat-annotations-api-10.1.19.jar;C:\Users\user\.m2\repository\org\apache\tomcat\embed\tomcat-embed-el\10.1.19\tomcat-embed-el-10.1.19.jar
Launcher Type: SUN_STANDARD

[Global flags]
     intx CICompilerCount                          = 4                                         {product} {ergonomic}
     uint ConcGCThreads                            = 2                                         {product} {ergonomic}
     uint G1ConcRefinementThreads                  = 8                                         {product} {ergonomic}
   size_t G1HeapRegionSize                         = 1048576                                   {product} {ergonomic}
    uintx GCDrainStackTargetSize                   = 64                                        {product} {ergonomic}
   size_t InitialHeapSize                          = 134217728                                 {product} {ergonomic}
   size_t MarkStackSize                            = 4194304                                   {product} {ergonomic}
   size_t MaxHeapSize                              = 2118123520                                {product} {ergonomic}
   size_t MaxNewSize                               = 1270874112                                {product} {ergonomic}
   size_t MinHeapDeltaBytes                        = 1048576                                   {product} {ergonomic}
   size_t MinHeapSize                              = 8388608                                   {product} {ergonomic}
    uintx NonNMethodCodeHeapSize                   = 5839372                                {pd product} {ergonomic}
    uintx NonProfiledCodeHeapSize                  = 122909434                              {pd product} {ergonomic}
    uintx ProfiledCodeHeapSize                     = 122909434                              {pd product} {ergonomic}
    uintx ReservedCodeCacheSize                    = 251658240                              {pd product} {ergonomic}
     bool SegmentedCodeCache                       = true                                      {product} {ergonomic}
   size_t SoftMaxHeapSize                          = 2118123520                             {manageable} {ergonomic}
     bool UseCompressedClassPointers               = true                           {product lp64_product} {ergonomic}
     bool UseCompressedOops                        = true                           {product lp64_product} {ergonomic}
     bool UseG1GC                                  = true                                      {product} {ergonomic}
     bool UseLargePagesIndividualAllocation        = false                                  {pd product} {ergonomic}

Logging:
Log output configuration:
 #0: stdout all=warning uptime,level,tags foldmultilines=false
 #1: stderr all=off uptime,level,tags foldmultilines=false

Environment Variables:
PATH=C:\Program Files\Common Files\Oracle\Java\javapath;C:\Windows\system32;C:\Windows;C:\Windows\System32\Wbem;C:\Windows\System32\WindowsPowerShell\v1.0\;C:\Windows\System32\OpenSSH\;C:\Program Files (x86)\Microsoft SQL Server\150\Tools\Binn\;C:\Program Files\Microsoft SQL Server\150\Tools\Binn\;C:\Program Files (x86)\Microsoft SQL Server\150\DTS\Binn\;C:\Program Files\Microsoft SQL Server\150\DTS\Binn\;C:\Program Files\Microsoft SQL Server\Client SDK\ODBC\170\Tools\Binn\;C:\Program Files\Microsoft SQL Server\130\Tools\Binn\;C:\Program Files (x86)\Microsoft SQL Server\110\DTS\Binn\;C:\Program Files (x86)\Microsoft SQL Server\120\DTS\Binn\;C:\Program Files (x86)\Microsoft SQL Server\130\DTS\Binn\;C:\Program Files (x86)\Microsoft SQL Server\140\DTS\Binn\;C:\Program Files (x86)\Microsoft SQL Server\160\DTS\Binn\;C:\Program Files\Azure Data Studio\bin;C:\Program Files\nodejs\;C:\ELK\elasticsearch-8.7.1\bin;C:\ELK\kibana-8.7.1\bin;C:\ELK\logstash-8.7.1\bin;C:\Users\user\AppData\Local\Programs\Python\Python311\python.exe;C:\Program Files\Common Files\Autodesk Shared\;C:\Users\user\AppData\Local\Programs\Python\Python311\Scripts\;C:\Users\user\AppData\Local\Programs\Python\Python311\;C:\Users\user\AppData\Local\Microsoft\WindowsApps;C:\Program Files\MongoDB\Server\3.6\bin;C:\Users\user\AppData\Local\Programs\Microsoft VS Code\bin;C:\Program Files\Azure Data Studio\bin;C:\Users\user\AppData\Roaming\npm;C:\win_flex_bison3-latest;C:\Users\user\AppData\Local\Programs\Microsoft VS Code\bin;C:\MinGW\bin;C:\Program Files (x86)\apache-maven-3.9.6-bin\apache-maven-3.9.6\bin;C:\Users\user\AppData\Local\GitHubDesktop\bin
USERNAME=user
OS=Windows_NT
PROCESSOR_IDENTIFIER=Intel64 Family 6 Model 142 Stepping 10, GenuineIntel
TMP=C:\Users\user\AppData\Local\Temp
TEMP=C:\Users\user\AppData\Local\Temp



---------------  S Y S T E M  ---------------

OS:
 Windows 10 , 64 bit Build 19041 (10.0.19041.3636)
OS uptime: 0 days 1:03 hours

CPU: total 8 (initial active 8) (4 cores per cpu, 2 threads per core) family 6 model 142 stepping 10 microcode 0xb4, cx8, cmov, fxsr, ht, mmx, 3dnowpref, sse, sse2, sse3, ssse3, sse4.1, sse4.2, popcnt, lzcnt, tsc, tscinvbit, avx, avx2, aes, erms, clmul, bmi1, bmi2, adx, fma, vzeroupper, clflush, clflushopt, rdtscp

Memory: 4k page, system-wide physical 8074M (1034M free)
TotalPageFile size 11356M (AvailPageFile size 6M)
current process WorkingSet (physical memory assigned to process): 259M, peak: 260M
current process commit charge ("private bytes"): 297M, peak: 299M

vm_info: OpenJDK 64-Bit Server VM (19.0.2+7-FR) for windows-amd64 JRE (19.0.2+7-FR), built on Jan 13 2023 22:53:32 by "Administrator" with MS VC++ 15.9 (VS2017)

END.
